2015-05-28 16:11:08.569+0000 INFO  [org.neo4j]: You are using an unsupported version of the Java runtime. Please use Oracle(R) Java(TM) Runtime Environment 7 or OpenJDK(TM) 7.
2015-05-28 16:11:08.916+0000 INFO  [org.neo4j]: No locking implementation specified, defaulting to 'community'
2015-05-28 16:11:09.234+0000 INFO  [org.neo4j]: --- INITIALIZED diagnostics START ---
2015-05-28 16:11:09.236+0000 INFO  [org.neo4j]: Neo4j Kernel properties:
    neostore.propertystore.db.strings.mapped_memory=563M
    ephemeral=false
    neostore.nodestore.db.mapped_memory=184M
    store_dir=graph/sample_db
    neostore.propertystore.db.arrays.mapped_memory=639M
    neostore.propertystore.db.mapped_memory=663M
    neostore.relationshipstore.db.mapped_memory=812M
2015-05-28 16:11:09.253+0000 INFO  [org.neo4j]: Diagnostics providers:
    org.neo4j.kernel.configuration.Config
    org.neo4j.kernel.info.DiagnosticsManager
    SYSTEM_MEMORY
    JAVA_MEMORY
    OPERATING_SYSTEM
    JAVA_VIRTUAL_MACHINE
    CLASSPATH
    LIBRARY_PATH
    SYSTEM_PROPERTIES
    NETWORK
2015-05-28 16:11:09.254+0000 INFO  [org.neo4j]: System memory information:
    Total Physical memory: 8.00 GB
    Free Physical memory: 207.91 MB
    Committed virtual memory: 5.75 GB
    Total swap space: 1.00 GB
    Free swap space: 967.75 MB
2015-05-28 16:11:09.314+0000 INFO  [org.neo4j]: JVM memory information:
    Free  memory: 128.29 MB
    Total memory: 131.00 MB
    Max   memory: 1.78 GB
    Garbage Collector: PS Scavenge: [PS Eden Space, PS Survivor Space]
    Garbage Collector: PS MarkSweep: [PS Eden Space, PS Survivor Space, PS Old Gen]
    Memory Pool: Code Cache (Non-heap memory): committed=2.44 MB, used=2.28 MB, max=240.00 MB, threshold=0.00 B
    Memory Pool: Metaspace (Non-heap memory): committed=6.38 MB, used=6.23 MB, max=-1.00 B, threshold=0.00 B
    Memory Pool: Compressed Class Space (Non-heap memory): committed=896.00 kB, used=833.77 kB, max=1.00 GB, threshold=0.00 B
    Memory Pool: PS Eden Space (Heap memory): committed=3.50 MB, used=582.88 kB, max=680.50 MB, threshold=?
    Memory Pool: PS Survivor Space (Heap memory): committed=1.00 MB, used=845.93 kB, max=1.00 MB, threshold=?
    Memory Pool: PS Old Gen (Heap memory): committed=126.50 MB, used=1.31 MB, max=1.33 GB, threshold=0.00 B
2015-05-28 16:11:09.387+0000 INFO  [org.neo4j]: Operating system information:
    Operating System: Mac OS X; version: 10.10; arch: x86_64; cpus: 4
    Max number of file descriptors: 10240
    Number of open file descriptors: 31
    Process id: 31945@Isaacs-MacBook-Pro.local
    Byte order: LITTLE_ENDIAN
    Local timezone: America/New_York
2015-05-28 16:11:09.523+0000 INFO  [org.neo4j]: JVM information:
    VM Name: Java HotSpot(TM) 64-Bit Server VM
    VM Vendor: Oracle Corporation
    VM Version: 25.11-b03
    JIT compiler: HotSpot 64-Bit Tiered Compilers
    VM Arguments: [-Dfile.encoding=UTF-8]
2015-05-28 16:11:09.529+0000 INFO  [org.neo4j]: Java classpath:
     [classpath + loader.0] file:/Users/isaac/Desktop/myapp/db/neo4j/development/lib/parboiled-core-1.1.6.jar
     [classpath + loader.0] file:/Users/isaac/Desktop/myapp/db/neo4j/development/lib/geronimo-jta_1.1_spec-1.1.1.jar
     [classpath + loader.0] file:/Users/isaac/Desktop/neo4j_java/neo4je/bin/
     [loader.1] file:/Library/Java/JavaVirtualMachines/jdk1.8.0_11.jdk/Contents/Home/jre/lib/ext/dnsns.jar
     [classpath + loader.0] file:/Users/isaac/Desktop/myapp/db/neo4j/development/lib/parboiled-scala_2.10-1.1.6.jar
     [bootstrap] /Library/Java/JavaVirtualMachines/jdk1.8.0_11.jdk/Contents/Home/jre/lib/jce.jar
     [classpath + loader.0] file:/Users/isaac/Desktop/myapp/db/neo4j/development/lib/scala-library-2.10.4.jar
     [loader.1] file:/Library/Java/JavaVirtualMachines/jdk1.8.0_11.jdk/Contents/Home/jre/lib/ext/nashorn.jar
     [classpath + loader.0] file:/Users/isaac/Desktop/myapp/db/neo4j/development/lib/neo4j-graph-matching-2.1.5.jar
     [classpath + loader.0] file:/Users/isaac/Desktop/myapp/db/neo4j/development/lib/neo4j-cypher-compiler-2.0-2.0.3.jar
     [bootstrap] /Library/Java/JavaVirtualMachines/jdk1.8.0_11.jdk/Contents/Home/jre/lib/resources.jar
     [classpath + loader.0] file:/Users/isaac/Desktop/myapp/db/neo4j/development/lib/neo4j-cypher-compiler-2.1-2.1.5.jar
     [bootstrap] /Library/Java/JavaVirtualMachines/jdk1.8.0_11.jdk/Contents/Home/jre/classes
     [classpath + loader.0] file:/Users/isaac/Desktop/myapp/db/neo4j/development/lib/neo4j-lucene-index-2.1.5.jar
     [classpath + loader.0] file:/Users/isaac/Desktop/myapp/db/neo4j/development/lib/concurrentlinkedhashmap-lru-1.3.1.jar
     [bootstrap] /Library/Java/JavaVirtualMachines/jdk1.8.0_11.jdk/Contents/Home/jre/lib/charsets.jar
     [classpath + loader.0] file:/Users/isaac/Desktop/myapp/db/neo4j/development/lib/neo4j-cypher-2.1.5.jar
     [classpath + loader.0] file:/Users/isaac/Desktop/myapp/db/neo4j/development/lib/opencsv-2.0.jar
     [classpath + loader.0] file:/Users/isaac/Desktop/myapp/db/neo4j/development/lib/neo4j-cypher-commons-2.1.5.jar
     [classpath + loader.0] file:/Users/isaac/Desktop/myapp/db/neo4j/development/lib/neo4j-kernel-2.1.5.jar
     [bootstrap] /Library/Java/JavaVirtualMachines/jdk1.8.0_11.jdk/Contents/Home/jre/lib/jsse.jar
     [loader.1] file:/Library/Java/JavaVirtualMachines/jdk1.8.0_11.jdk/Contents/Home/jre/lib/ext/jfxrt.jar
     [loader.1] file:/Library/Java/JavaVirtualMachines/jdk1.8.0_11.jdk/Contents/Home/jre/lib/ext/sunec.jar
     [loader.1] file:/Library/Java/JavaVirtualMachines/jdk1.8.0_11.jdk/Contents/Home/jre/lib/ext/sunpkcs11.jar
     [loader.1] file:/Library/Java/JavaVirtualMachines/jdk1.8.0_11.jdk/Contents/Home/jre/lib/ext/zipfs.jar
     [bootstrap] /Library/Java/JavaVirtualMachines/jdk1.8.0_11.jdk/Contents/Home/jre/lib/sunrsasign.jar
     [classpath + loader.0] file:/Users/isaac/Desktop/myapp/db/neo4j/development/lib/org.apache.servicemix.bundles.jline-0.9.94_1.jar
     [bootstrap] /Library/Java/JavaVirtualMachines/jdk1.8.0_11.jdk/Contents/Home/jre/lib/rt.jar
     [bootstrap] /Library/Java/JavaVirtualMachines/jdk1.8.0_11.jdk/Contents/Home/jre/lib/jfr.jar
     [classpath + loader.0] file:/Users/isaac/Desktop/myapp/db/neo4j/development/lib/lucene-core-3.6.2.jar
     [classpath + loader.0] file:/Users/isaac/Desktop/myapp/db/neo4j/development/lib/neo4j-cypher-compiler-1.9-2.0.3.jar
     [classpath + loader.0] file:/Users/isaac/Desktop/myapp/db/neo4j/development/lib/neo4j-primitive-collections-2.1.5.jar
     [loader.1] file:/Library/Java/JavaVirtualMachines/jdk1.8.0_11.jdk/Contents/Home/jre/lib/ext/localedata.jar
     [classpath + loader.0] file:/Users/isaac/Desktop/myapp/db/neo4j/development/lib/neo4j-jmx-2.1.5.jar
     [classpath + loader.0] file:/Users/isaac/Desktop/myapp/db/neo4j/development/lib/neo4j-shell-2.1.5.jar
     [classpath + loader.0] file:/Users/isaac/Desktop/myapp/db/neo4j/development/lib/neo4j-udc-2.1.5.jar
     [classpath + loader.0] file:/Users/isaac/Desktop/myapp/db/neo4j/development/lib/server-api-2.1.5.jar
     [classpath + loader.0] file:/Users/isaac/Desktop/myapp/db/neo4j/development/lib/neo4j-graph-algo-2.1.5.jar
     [loader.1] file:/Library/Java/JavaVirtualMachines/jdk1.8.0_11.jdk/Contents/Home/jre/lib/ext/cldrdata.jar
     [loader.1] file:/System/Library/Java/Extensions/MRJToolkit.jar
     [loader.1] file:/Library/Java/JavaVirtualMachines/jdk1.8.0_11.jdk/Contents/Home/jre/lib/ext/sunjce_provider.jar
2015-05-28 16:11:09.531+0000 INFO  [org.neo4j]: Library path:
    /Users/isaac/Library/Java/Extensions
    /Library/Java/Extensions
    /Network/Library/Java/Extensions
    /System/Library/Java/Extensions
    /usr/lib/java
    /Users/isaac/Desktop/neo4j_java/neo4je
2015-05-28 16:11:09.532+0000 INFO  [org.neo4j]: System.properties:
    sun.boot.library.path = /Library/Java/JavaVirtualMachines/jdk1.8.0_11.jdk/Contents/Home/jre/lib
    gopherProxySet = false
    path.separator = :
    file.encoding.pkg = sun.io
    user.country = US
    sun.java.launcher = SUN_STANDARD
    sun.os.patch.level = unknown
    user.dir = /Users/isaac/Desktop/neo4j_java/neo4je
    sun.jnu.encoding = UTF-8
    sun.management.compiler = HotSpot 64-Bit Tiered Compilers
    http.nonProxyHosts = local|*.local|169.254/16|*.169.254/16
    user.home = /Users/isaac
    user.timezone = America/New_York
    file.encoding = UTF-8
    user.name = isaac
    sun.java.command = neo4je.InteractCore
    sun.arch.data.model = 64
    user.language = en
    awt.toolkit = sun.lwawt.macosx.LWCToolkit
    file.separator = /
    sun.io.unicode.encoding = UnicodeBig
    sun.cpu.endian = little
    socksNonProxyHosts = local|*.local|169.254/16|*.169.254/16
    ftp.nonProxyHosts = local|*.local|169.254/16|*.169.254/16
    sun.cpu.isalist = 
2015-05-28 16:11:09.538+0000 INFO  [org.neo4j]: Network information:
    Interface awdl0:
        address: fe80:0:0:0:480a:8ff:fe87:d0a4%awdl0
    Interface en1:
        address: fe80:0:0:0:5e96:9dff:fe84:9693%en1
        address: 192.168.0.14
    Interface lo0:
        address: fe80:0:0:0:0:0:0:1%lo0
        address: 0:0:0:0:0:0:0:1
        address: 127.0.0.1
2015-05-28 16:11:09.563+0000 INFO  [org.neo4j]: --- INITIALIZED diagnostics END ---
2015-05-28 16:11:10.827+0000 INFO  [org.neo4j]: Creating new db @ graph/sample_db/neostore
2015-05-28 16:11:11.050+0000 INFO  [org.neo4j]: [graph/sample_db/neostore.relationshiptypestore.db.names] brickCount=0 brickSize=0b mappedMem=0b (storeSize=38b)
2015-05-28 16:11:11.051+0000 INFO  [org.neo4j]: [graph/sample_db/neostore.relationshiptypestore.db] brickCount=0 brickSize=0b mappedMem=0b (storeSize=0b)
2015-05-28 16:11:11.051+0000 INFO  [org.neo4j]: graph/sample_db/neostore.relationshiptypestore.db.names hit=0 miss=0 switches=0 ooe=0
2015-05-28 16:11:11.054+0000 INFO  [org.neo4j]: graph/sample_db/neostore.relationshiptypestore.db hit=0 miss=0 switches=0 ooe=0
2015-05-28 16:11:11.058+0000 INFO  [org.neo4j]: [graph/sample_db/neostore.labeltokenstore.db.names] brickCount=0 brickSize=0b mappedMem=0b (storeSize=38b)
2015-05-28 16:11:11.059+0000 INFO  [org.neo4j]: [graph/sample_db/neostore.labeltokenstore.db] brickCount=0 brickSize=0b mappedMem=0b (storeSize=0b)
2015-05-28 16:11:11.059+0000 INFO  [org.neo4j]: graph/sample_db/neostore.labeltokenstore.db.names hit=0 miss=0 switches=0 ooe=0
2015-05-28 16:11:11.060+0000 INFO  [org.neo4j]: graph/sample_db/neostore.labeltokenstore.db hit=0 miss=0 switches=0 ooe=0
2015-05-28 16:11:11.084+0000 INFO  [org.neo4j]: [graph/sample_db/neostore.relationshiptypestore.db.names] brickCount=0 brickSize=0b mappedMem=0b (storeSize=38b)
2015-05-28 16:11:11.085+0000 INFO  [org.neo4j]: [graph/sample_db/neostore.relationshiptypestore.db] brickCount=0 brickSize=0b mappedMem=0b (storeSize=0b)
2015-05-28 16:11:11.085+0000 INFO  [org.neo4j]: [graph/sample_db/neostore.labeltokenstore.db.names] brickCount=0 brickSize=0b mappedMem=0b (storeSize=38b)
2015-05-28 16:11:11.085+0000 INFO  [org.neo4j]: [graph/sample_db/neostore.labeltokenstore.db] brickCount=0 brickSize=0b mappedMem=0b (storeSize=0b)
2015-05-28 16:11:11.085+0000 INFO  [org.neo4j]: [graph/sample_db/neostore.propertystore.db.strings] brickCount=0 brickSize=590336b mappedMem=590348288b (storeSize=128b)
2015-05-28 16:11:11.086+0000 INFO  [org.neo4j]: [graph/sample_db/neostore.propertystore.db.index.keys] brickCount=0 brickSize=0b mappedMem=0b (storeSize=38b)
2015-05-28 16:11:11.086+0000 INFO  [org.neo4j]: [graph/sample_db/neostore.propertystore.db.index] brickCount=0 brickSize=0b mappedMem=0b (storeSize=0b)
2015-05-28 16:11:11.087+0000 INFO  [org.neo4j]: [graph/sample_db/neostore.propertystore.db.arrays] brickCount=0 brickSize=669952b mappedMem=670040064b (storeSize=128b)
2015-05-28 16:11:11.089+0000 INFO  [org.neo4j]: [graph/sample_db/neostore.propertystore.db] brickCount=0 brickSize=6952042b mappedMem=695205888b (storeSize=0b)
2015-05-28 16:11:11.105+0000 INFO  [org.neo4j]: [graph/sample_db/neostore.relationshipstore.db] brickCount=0 brickSize=8514416b mappedMem=851443712b (storeSize=0b)
2015-05-28 16:11:11.106+0000 INFO  [org.neo4j]: [graph/sample_db/neostore.nodestore.db.labels] brickCount=0 brickSize=0b mappedMem=0b (storeSize=68b)
2015-05-28 16:11:11.108+0000 INFO  [org.neo4j]: [graph/sample_db/neostore.nodestore.db] brickCount=0 brickSize=1929375b mappedMem=192937984b (storeSize=0b)
2015-05-28 16:11:11.108+0000 INFO  [org.neo4j]: [graph/sample_db/neostore.schemastore.db] brickCount=0 brickSize=0b mappedMem=0b (storeSize=64b)
2015-05-28 16:11:11.110+0000 INFO  [org.neo4j]: [graph/sample_db/neostore.relationshipgroupstore.db] brickCount=0 brickSize=0b mappedMem=0b (storeSize=25b)
2015-05-28 16:11:11.111+0000 INFO  [org.neo4j]: [graph/sample_db/neostore] brickCount=0 brickSize=0b mappedMem=0b (storeSize=0b)
2015-05-28 16:11:11.115+0000 INFO  [org.neo4j]: graph/sample_db/neostore.relationshiptypestore.db.names hit=0 miss=0 switches=0 ooe=0
2015-05-28 16:11:11.116+0000 INFO  [org.neo4j]: graph/sample_db/neostore.relationshiptypestore.db hit=0 miss=0 switches=0 ooe=0
2015-05-28 16:11:11.119+0000 INFO  [org.neo4j]: graph/sample_db/neostore.labeltokenstore.db.names hit=0 miss=0 switches=0 ooe=0
2015-05-28 16:11:11.120+0000 INFO  [org.neo4j]: graph/sample_db/neostore.labeltokenstore.db hit=0 miss=0 switches=0 ooe=0
2015-05-28 16:11:11.121+0000 INFO  [org.neo4j]: graph/sample_db/neostore.propertystore.db.strings hit=0 miss=0 switches=0 ooe=0
2015-05-28 16:11:11.122+0000 INFO  [org.neo4j]: graph/sample_db/neostore.propertystore.db.index.keys hit=0 miss=0 switches=0 ooe=0
2015-05-28 16:11:11.123+0000 INFO  [org.neo4j]: graph/sample_db/neostore.propertystore.db.index hit=0 miss=0 switches=0 ooe=0
2015-05-28 16:11:11.124+0000 INFO  [org.neo4j]: graph/sample_db/neostore.propertystore.db.arrays hit=0 miss=0 switches=0 ooe=0
2015-05-28 16:11:11.125+0000 INFO  [org.neo4j]: graph/sample_db/neostore.propertystore.db hit=0 miss=0 switches=0 ooe=0
2015-05-28 16:11:11.128+0000 INFO  [org.neo4j]: graph/sample_db/neostore.relationshipstore.db hit=0 miss=0 switches=0 ooe=0
2015-05-28 16:11:11.130+0000 INFO  [org.neo4j]: graph/sample_db/neostore.nodestore.db.labels hit=0 miss=0 switches=0 ooe=0
2015-05-28 16:11:11.131+0000 INFO  [org.neo4j]: graph/sample_db/neostore.nodestore.db hit=0 miss=0 switches=0 ooe=0
2015-05-28 16:11:11.132+0000 INFO  [org.neo4j]: graph/sample_db/neostore.schemastore.db hit=0 miss=0 switches=0 ooe=0
2015-05-28 16:11:11.133+0000 INFO  [org.neo4j]: graph/sample_db/neostore.relationshipgroupstore.db hit=0 miss=0 switches=0 ooe=0
2015-05-28 16:11:11.136+0000 INFO  [org.neo4j]: graph/sample_db/neostore hit=0 miss=10 switches=0 ooe=0
2015-05-28 16:11:11.164+0000 INFO  [org.neo4j]: [graph/sample_db/neostore.relationshiptypestore.db.names] brickCount=0 brickSize=0b mappedMem=0b (storeSize=38b)
2015-05-28 16:11:11.164+0000 INFO  [org.neo4j]: [graph/sample_db/neostore.relationshiptypestore.db] brickCount=0 brickSize=0b mappedMem=0b (storeSize=0b)
2015-05-28 16:11:11.164+0000 INFO  [org.neo4j]: [graph/sample_db/neostore.labeltokenstore.db.names] brickCount=0 brickSize=0b mappedMem=0b (storeSize=38b)
2015-05-28 16:11:11.165+0000 INFO  [org.neo4j]: [graph/sample_db/neostore.labeltokenstore.db] brickCount=0 brickSize=0b mappedMem=0b (storeSize=0b)
2015-05-28 16:11:11.165+0000 INFO  [org.neo4j]: [graph/sample_db/neostore.propertystore.db.strings] brickCount=0 brickSize=590336b mappedMem=590348288b (storeSize=128b)
2015-05-28 16:11:11.165+0000 INFO  [org.neo4j]: [graph/sample_db/neostore.propertystore.db.index.keys] brickCount=0 brickSize=0b mappedMem=0b (storeSize=38b)
2015-05-28 16:11:11.166+0000 INFO  [org.neo4j]: [graph/sample_db/neostore.propertystore.db.index] brickCount=0 brickSize=0b mappedMem=0b (storeSize=0b)
2015-05-28 16:11:11.166+0000 INFO  [org.neo4j]: [graph/sample_db/neostore.propertystore.db.arrays] brickCount=0 brickSize=669952b mappedMem=670040064b (storeSize=128b)
2015-05-28 16:11:11.166+0000 INFO  [org.neo4j]: [graph/sample_db/neostore.propertystore.db] brickCount=0 brickSize=6952042b mappedMem=695205888b (storeSize=0b)
2015-05-28 16:11:11.167+0000 INFO  [org.neo4j]: [graph/sample_db/neostore.relationshipstore.db] brickCount=0 brickSize=8514416b mappedMem=851443712b (storeSize=0b)
2015-05-28 16:11:11.167+0000 INFO  [org.neo4j]: [graph/sample_db/neostore.nodestore.db.labels] brickCount=0 brickSize=0b mappedMem=0b (storeSize=68b)
2015-05-28 16:11:11.167+0000 INFO  [org.neo4j]: [graph/sample_db/neostore.nodestore.db] brickCount=0 brickSize=1929375b mappedMem=192937984b (storeSize=0b)
2015-05-28 16:11:11.168+0000 INFO  [org.neo4j]: [graph/sample_db/neostore.schemastore.db] brickCount=0 brickSize=0b mappedMem=0b (storeSize=64b)
2015-05-28 16:11:11.168+0000 INFO  [org.neo4j]: [graph/sample_db/neostore.relationshipgroupstore.db] brickCount=0 brickSize=0b mappedMem=0b (storeSize=25b)
2015-05-28 16:11:11.168+0000 INFO  [org.neo4j]: [graph/sample_db/neostore] brickCount=0 brickSize=0b mappedMem=0b (storeSize=81b)
2015-05-28 16:11:11.318+0000 INFO  [org.neo4j]: No lucene scan store index found, this might just be first use. Preparing to rebuild.
2015-05-28 16:11:11.493+0000 INFO  [org.neo4j]: No lucene scan store index found, this might just be first use. Preparing to rebuild.
2015-05-28 16:11:11.814+0000 INFO  [org.neo4j]: Opened logical log [graph/sample_db/nioneo_logical.log.1] version=0, lastTxId=1 (clean)
2015-05-28 16:11:11.845+0000 INFO  [org.neo4j]: Rebuilding lucene scan store, this may take a while
2015-05-28 16:11:11.857+0000 INFO  [org.neo4j]: Lucene scan store rebuilt (roughly -1 nodes)
2015-05-28 16:11:11.891+0000 INFO  [org.neo4j]: TM new log: tm_tx_log.1
2015-05-28 16:11:11.921+0000 INFO  [org.neo4j]: Kernel health set to OK
2015-05-28 16:11:11.995+0000 INFO  [org.neo4j]: Opened logical log [graph/sample_db/index/lucene.log.1] version=0, lastTxId=1 (clean)
2015-05-28 16:11:12.007+0000 INFO  [org.neo4j]: --- STARTED diagnostics for KernelDiagnostics:Versions START ---
2015-05-28 16:11:12.007+0000 INFO  [org.neo4j]: Graph Database: org.neo4j.kernel.EmbeddedGraphDatabase StoreId{creationTime=1432829470953, randomId=-2615075753720666376, storeVersion=14406081294923270, upgradeTime=1432829470953, upgradeId=-2615075753720666376}
2015-05-28 16:11:12.007+0000 INFO  [org.neo4j]: Kernel version: Neo4j - Graph Database Kernel (neo4j-kernel), version: 2.1.5
2015-05-28 16:11:12.007+0000 INFO  [org.neo4j]: Neo4j component versions:
2015-05-28 16:11:12.013+0000 INFO  [org.neo4j]:   Neo4j - Cypher Compiler 1.9 (neo4j-cypher-compiler-1.9), version: 2.0.3; revision: 2.0.3:2.0-maint:72/307c563c11b75fdc71cfa6df05daf9b08d6c37dc
2015-05-28 16:11:12.013+0000 INFO  [org.neo4j]:   Neo4j - Cypher Commons (neo4j-cypher-commons), version: 2.1.5; revision: 2.1.5:2.1-maint:529/45c3cc04946c2b0e243e48c8252e40cb85931744
2015-05-28 16:11:12.013+0000 INFO  [org.neo4j]:   neo4j-udc, version: 2.1.5; revision: 2.1.5:2.1-maint:529/45c3cc04946c2b0e243e48c8252e40cb85931744
2015-05-28 16:11:12.013+0000 INFO  [org.neo4j]:   Neo4j Server API (server-api), version: 2.1.5; revision: 2.1.5:2.1-maint:529/45c3cc04946c2b0e243e48c8252e40cb85931744
2015-05-28 16:11:12.013+0000 INFO  [org.neo4j]:   Neo4j - Lucene Index (neo4j-lucene-index), version: 2.1.5; revision: 2.1.5:2.1-maint:529/45c3cc04946c2b0e243e48c8252e40cb85931744
2015-05-28 16:11:12.013+0000 INFO  [org.neo4j]:   Neo4j - Cypher Compiler 2.0 (neo4j-cypher-compiler-2.0), version: 2.0.3; revision: 2.0.3:2.0-maint:72/307c563c11b75fdc71cfa6df05daf9b08d6c37dc
2015-05-28 16:11:12.013+0000 INFO  [org.neo4j]:   Neo4j - Graph Database Kernel (neo4j-kernel), version: 2.1.5; revision: 2.1.5:2.1-maint:529/45c3cc04946c2b0e243e48c8252e40cb85931744
2015-05-28 16:11:12.014+0000 INFO  [org.neo4j]:   Neo4j - Graph Matching (neo4j-graph-matching), version: 2.1.5; revision: 2.1.5:2.1-maint:529/45c3cc04946c2b0e243e48c8252e40cb85931744
2015-05-28 16:11:12.014+0000 INFO  [org.neo4j]:   Neo4j - JMX support (neo4j-jmx), version: 2.1.5; revision: 2.1.5:2.1-maint:529/45c3cc04946c2b0e243e48c8252e40cb85931744
2015-05-28 16:11:12.014+0000 INFO  [org.neo4j]:   Neo4j - Cypher (neo4j-cypher), version: 2.1.5; revision: 2.1.5:2.1-maint:529/45c3cc04946c2b0e243e48c8252e40cb85931744
2015-05-28 16:11:12.014+0000 INFO  [org.neo4j]:   Neo4j - Generic shell (neo4j-shell), version: 2.1.5; revision: 2.1.5:2.1-maint:529/45c3cc04946c2b0e243e48c8252e40cb85931744
2015-05-28 16:11:12.014+0000 INFO  [org.neo4j]:   Neo4j - Graph Algorithms (neo4j-graph-algo), version: 2.1.5; revision: 2.1.5:2.1-maint:529/45c3cc04946c2b0e243e48c8252e40cb85931744
2015-05-28 16:11:12.014+0000 INFO  [org.neo4j]: --- STARTED diagnostics for KernelDiagnostics:Versions END ---
2015-05-28 16:11:12.030+0000 INFO  [org.neo4j]: --- STARTED diagnostics for NEO_STORE_VERSIONS START ---
2015-05-28 16:11:12.030+0000 INFO  [org.neo4j]: Store versions:
    Store versions:
      NeoStore v0.A.3
      SchemaStore v0.A.3
      NodeStore v0.A.3
      RelationshipStore v0.A.3
      RelationshipTypeStore v0.A.3
      LabelTokenStore v0.A.3
      PropertyStore v0.A.3
      PropertyIndexStore v0.A.3
      StringPropertyStore v0.A.3
      ArrayPropertyStore v0.A.3
      RelationshipGroupStore v0.A.3
2015-05-28 16:11:12.030+0000 INFO  [org.neo4j]: --- STARTED diagnostics for NEO_STORE_VERSIONS END ---
2015-05-28 16:11:12.030+0000 INFO  [org.neo4j]: --- STARTED diagnostics for NEO_STORE_ID_USAGE START ---
2015-05-28 16:11:12.030+0000 INFO  [org.neo4j]: Id usage:
    Id usage:
      SchemaStore: used=1 high=0
      NodeStore: used=0 high=-1
      RelationshipStore: used=0 high=-1
      RelationshipTypeStore: used=0 high=-1
      LabelTokenStore: used=0 high=-1
      PropertyStore: used=0 high=-1
      PropertyIndexStore: used=0 high=-1
      StringPropertyStore: used=1 high=0
      ArrayPropertyStore: used=1 high=0
      RelationshipGroupStore: used=1 high=0
2015-05-28 16:11:12.031+0000 INFO  [org.neo4j]: --- STARTED diagnostics for NEO_STORE_ID_USAGE END ---
2015-05-28 16:11:12.032+0000 INFO  [org.neo4j]: --- STARTED diagnostics for PERSISTENCE_WINDOW_POOL_STATS START ---
2015-05-28 16:11:12.032+0000 INFO  [org.neo4j]: --- STARTED diagnostics for PERSISTENCE_WINDOW_POOL_STATS END ---
2015-05-28 16:11:12.032+0000 INFO  [org.neo4j]: --- STARTED diagnostics for KernelDiagnostics:StoreFiles START ---
2015-05-28 16:11:12.032+0000 INFO  [org.neo4j]: Disk space on partition (Total / Free / Free %): 539999993856 / 321279627264 / 59
Storage files: (filename : modification date - size)
      active_tx_log: 2015-05-28T12:11:11-0400 - 11.00 B
      index:
        lucene-store.db: 2015-05-28T12:11:11-0400 - 40.00 B
        lucene.log.1: 2015-05-28T12:11:12-0400 - 16.00 B
        lucene.log.active: 2015-05-28T12:11:11-0400 - 4.00 B
      - Total: 2015-05-28T12:11:11-0400 - 60.00 B
      lock: 2015-05-28T12:11:11-0400 - 0.00 B
      messages.log: 2015-05-28T12:11:12-0400 - 21.23 kB
      neostore: 2015-05-28T12:11:11-0400 - 81.00 B
      neostore.id: 2015-05-28T12:11:11-0400 - 9.00 B
      neostore.labeltokenstore.db: 2015-05-28T12:11:11-0400 - 0.00 B
      neostore.labeltokenstore.db.id: 2015-05-28T12:11:11-0400 - 9.00 B
      neostore.labeltokenstore.db.names: 2015-05-28T12:11:11-0400 - 38.00 B
      neostore.labeltokenstore.db.names.id: 2015-05-28T12:11:11-0400 - 9.00 B
      neostore.nodestore.db: 2015-05-28T12:11:11-0400 - 0.00 B
      neostore.nodestore.db.id: 2015-05-28T12:11:11-0400 - 9.00 B
      neostore.nodestore.db.labels: 2015-05-28T12:11:11-0400 - 68.00 B
      neostore.nodestore.db.labels.id: 2015-05-28T12:11:11-0400 - 9.00 B
      neostore.propertystore.db: 2015-05-28T12:11:11-0400 - 0.00 B
      neostore.propertystore.db.arrays: 2015-05-28T12:11:11-0400 - 128.00 B
      neostore.propertystore.db.arrays.id: 2015-05-28T12:11:11-0400 - 9.00 B
      neostore.propertystore.db.id: 2015-05-28T12:11:11-0400 - 9.00 B
      neostore.propertystore.db.index: 2015-05-28T12:11:11-0400 - 0.00 B
      neostore.propertystore.db.index.id: 2015-05-28T12:11:11-0400 - 9.00 B
      neostore.propertystore.db.index.keys: 2015-05-28T12:11:11-0400 - 38.00 B
      neostore.propertystore.db.index.keys.id: 2015-05-28T12:11:11-0400 - 9.00 B
      neostore.propertystore.db.strings: 2015-05-28T12:11:11-0400 - 128.00 B
      neostore.propertystore.db.strings.id: 2015-05-28T12:11:11-0400 - 9.00 B
      neostore.relationshipgroupstore.db: 2015-05-28T12:11:11-0400 - 25.00 B
      neostore.relationshipgroupstore.db.id: 2015-05-28T12:11:11-0400 - 9.00 B
      neostore.relationshipstore.db: 2015-05-28T12:11:11-0400 - 0.00 B
      neostore.relationshipstore.db.id: 2015-05-28T12:11:11-0400 - 9.00 B
      neostore.relationshiptypestore.db: 2015-05-28T12:11:11-0400 - 0.00 B
      neostore.relationshiptypestore.db.id: 2015-05-28T12:11:11-0400 - 9.00 B
      neostore.relationshiptypestore.db.names: 2015-05-28T12:11:11-0400 - 38.00 B
      neostore.relationshiptypestore.db.names.id: 2015-05-28T12:11:11-0400 - 9.00 B
      neostore.schemastore.db: 2015-05-28T12:11:11-0400 - 64.00 B
      neostore.schemastore.db.id: 2015-05-28T12:11:11-0400 - 9.00 B
      nioneo_logical.log.1: 2015-05-28T12:11:12-0400 - 16.00 B
      nioneo_logical.log.active: 2015-05-28T12:11:11-0400 - 4.00 B
      schema:
        label:
          lucene:
            write.lock: 2015-05-28T12:11:11-0400 - 0.00 B
          - Total: 2015-05-28T12:11:11-0400 - 0.00 B
        - Total: 2015-05-28T12:11:11-0400 - 0.00 B
      - Total: 2015-05-28T12:11:11-0400 - 0.00 B
      store_lock: 2015-05-28T12:11:10-0400 - 0.00 B
      tm_tx_log.1: 2015-05-28T12:11:11-0400 - 0.00 B
2015-05-28 16:19:32.637+0000 INFO  [org.neo4j]: You are using an unsupported version of the Java runtime. Please use Oracle(R) Java(TM) Runtime Environment 7 or OpenJDK(TM) 7.
2015-05-28 16:19:32.731+0000 INFO  [org.neo4j]: No locking implementation specified, defaulting to 'community'
2015-05-28 16:19:32.917+0000 INFO  [org.neo4j]: --- INITIALIZED diagnostics START ---
2015-05-28 16:19:32.918+0000 INFO  [org.neo4j]: Neo4j Kernel properties:
    neostore.propertystore.db.strings.mapped_memory=563M
    ephemeral=false
    neostore.nodestore.db.mapped_memory=184M
    store_dir=graph/sample_db
    neostore.propertystore.db.arrays.mapped_memory=639M
    neostore.propertystore.db.mapped_memory=663M
    neostore.relationshipstore.db.mapped_memory=812M
2015-05-28 16:19:32.921+0000 INFO  [org.neo4j]: Diagnostics providers:
    org.neo4j.kernel.configuration.Config
    org.neo4j.kernel.info.DiagnosticsManager
    SYSTEM_MEMORY
    JAVA_MEMORY
    OPERATING_SYSTEM
    JAVA_VIRTUAL_MACHINE
    CLASSPATH
    LIBRARY_PATH
    SYSTEM_PROPERTIES
    NETWORK
2015-05-28 16:19:32.950+0000 INFO  [org.neo4j]: System memory information:
    Total Physical memory: 8.00 GB
    Free Physical memory: 16.28 MB
    Committed virtual memory: 5.75 GB
    Total swap space: 1.00 GB
    Free swap space: 967.75 MB
2015-05-28 16:19:32.956+0000 INFO  [org.neo4j]: JVM memory information:
    Free  memory: 128.22 MB
    Total memory: 131.50 MB
    Max   memory: 1.78 GB
    Garbage Collector: PS Scavenge: [PS Eden Space, PS Survivor Space]
    Garbage Collector: PS MarkSweep: [PS Eden Space, PS Survivor Space, PS Old Gen]
    Memory Pool: Code Cache (Non-heap memory): committed=2.44 MB, used=2.27 MB, max=240.00 MB, threshold=0.00 B
    Memory Pool: Metaspace (Non-heap memory): committed=6.38 MB, used=6.23 MB, max=-1.00 B, threshold=0.00 B
    Memory Pool: Compressed Class Space (Non-heap memory): committed=896.00 kB, used=833.77 kB, max=1.00 GB, threshold=0.00 B
    Memory Pool: PS Eden Space (Heap memory): committed=4.00 MB, used=1.13 MB, max=680.00 MB, threshold=?
    Memory Pool: PS Survivor Space (Heap memory): committed=1.00 MB, used=993.17 kB, max=1.00 MB, threshold=?
    Memory Pool: PS Old Gen (Heap memory): committed=126.50 MB, used=1.26 MB, max=1.33 GB, threshold=0.00 B
2015-05-28 16:19:32.961+0000 INFO  [org.neo4j]: Operating system information:
    Operating System: Mac OS X; version: 10.10; arch: x86_64; cpus: 4
    Max number of file descriptors: 10240
    Number of open file descriptors: 31
    Process id: 32540@Isaacs-MacBook-Pro.local
    Byte order: LITTLE_ENDIAN
    Local timezone: America/New_York
2015-05-28 16:19:32.996+0000 INFO  [org.neo4j]: JVM information:
    VM Name: Java HotSpot(TM) 64-Bit Server VM
    VM Vendor: Oracle Corporation
    VM Version: 25.11-b03
    JIT compiler: HotSpot 64-Bit Tiered Compilers
    VM Arguments: [-Dfile.encoding=UTF-8]
2015-05-28 16:19:32.997+0000 INFO  [org.neo4j]: Java classpath:
     [classpath + loader.0] file:/Users/isaac/Desktop/myapp/db/neo4j/development/lib/parboiled-core-1.1.6.jar
     [classpath + loader.0] file:/Users/isaac/Desktop/myapp/db/neo4j/development/lib/geronimo-jta_1.1_spec-1.1.1.jar
     [classpath + loader.0] file:/Users/isaac/Desktop/neo4j_java/neo4je/bin/
     [loader.1] file:/Library/Java/JavaVirtualMachines/jdk1.8.0_11.jdk/Contents/Home/jre/lib/ext/dnsns.jar
     [classpath + loader.0] file:/Users/isaac/Desktop/myapp/db/neo4j/development/lib/parboiled-scala_2.10-1.1.6.jar
     [bootstrap] /Library/Java/JavaVirtualMachines/jdk1.8.0_11.jdk/Contents/Home/jre/lib/jce.jar
     [classpath + loader.0] file:/Users/isaac/Desktop/myapp/db/neo4j/development/lib/scala-library-2.10.4.jar
     [loader.1] file:/Library/Java/JavaVirtualMachines/jdk1.8.0_11.jdk/Contents/Home/jre/lib/ext/nashorn.jar
     [classpath + loader.0] file:/Users/isaac/Desktop/myapp/db/neo4j/development/lib/neo4j-graph-matching-2.1.5.jar
     [classpath + loader.0] file:/Users/isaac/Desktop/myapp/db/neo4j/development/lib/neo4j-cypher-compiler-2.0-2.0.3.jar
     [bootstrap] /Library/Java/JavaVirtualMachines/jdk1.8.0_11.jdk/Contents/Home/jre/lib/resources.jar
     [classpath + loader.0] file:/Users/isaac/Desktop/myapp/db/neo4j/development/lib/neo4j-cypher-compiler-2.1-2.1.5.jar
     [bootstrap] /Library/Java/JavaVirtualMachines/jdk1.8.0_11.jdk/Contents/Home/jre/classes
     [classpath + loader.0] file:/Users/isaac/Desktop/myapp/db/neo4j/development/lib/neo4j-lucene-index-2.1.5.jar
     [classpath + loader.0] file:/Users/isaac/Desktop/myapp/db/neo4j/development/lib/concurrentlinkedhashmap-lru-1.3.1.jar
     [bootstrap] /Library/Java/JavaVirtualMachines/jdk1.8.0_11.jdk/Contents/Home/jre/lib/charsets.jar
     [classpath + loader.0] file:/Users/isaac/Desktop/myapp/db/neo4j/development/lib/neo4j-cypher-2.1.5.jar
     [classpath + loader.0] file:/Users/isaac/Desktop/myapp/db/neo4j/development/lib/opencsv-2.0.jar
     [classpath + loader.0] file:/Users/isaac/Desktop/myapp/db/neo4j/development/lib/neo4j-cypher-commons-2.1.5.jar
     [classpath + loader.0] file:/Users/isaac/Desktop/myapp/db/neo4j/development/lib/neo4j-kernel-2.1.5.jar
     [bootstrap] /Library/Java/JavaVirtualMachines/jdk1.8.0_11.jdk/Contents/Home/jre/lib/jsse.jar
     [loader.1] file:/Library/Java/JavaVirtualMachines/jdk1.8.0_11.jdk/Contents/Home/jre/lib/ext/jfxrt.jar
     [loader.1] file:/Library/Java/JavaVirtualMachines/jdk1.8.0_11.jdk/Contents/Home/jre/lib/ext/sunec.jar
     [loader.1] file:/Library/Java/JavaVirtualMachines/jdk1.8.0_11.jdk/Contents/Home/jre/lib/ext/sunpkcs11.jar
     [loader.1] file:/Library/Java/JavaVirtualMachines/jdk1.8.0_11.jdk/Contents/Home/jre/lib/ext/zipfs.jar
     [bootstrap] /Library/Java/JavaVirtualMachines/jdk1.8.0_11.jdk/Contents/Home/jre/lib/sunrsasign.jar
     [classpath + loader.0] file:/Users/isaac/Desktop/myapp/db/neo4j/development/lib/org.apache.servicemix.bundles.jline-0.9.94_1.jar
     [bootstrap] /Library/Java/JavaVirtualMachines/jdk1.8.0_11.jdk/Contents/Home/jre/lib/rt.jar
     [bootstrap] /Library/Java/JavaVirtualMachines/jdk1.8.0_11.jdk/Contents/Home/jre/lib/jfr.jar
     [classpath + loader.0] file:/Users/isaac/Desktop/myapp/db/neo4j/development/lib/lucene-core-3.6.2.jar
     [classpath + loader.0] file:/Users/isaac/Desktop/myapp/db/neo4j/development/lib/neo4j-cypher-compiler-1.9-2.0.3.jar
     [classpath + loader.0] file:/Users/isaac/Desktop/myapp/db/neo4j/development/lib/neo4j-primitive-collections-2.1.5.jar
     [loader.1] file:/Library/Java/JavaVirtualMachines/jdk1.8.0_11.jdk/Contents/Home/jre/lib/ext/localedata.jar
     [classpath + loader.0] file:/Users/isaac/Desktop/myapp/db/neo4j/development/lib/neo4j-jmx-2.1.5.jar
     [classpath + loader.0] file:/Users/isaac/Desktop/myapp/db/neo4j/development/lib/neo4j-shell-2.1.5.jar
     [classpath + loader.0] file:/Users/isaac/Desktop/myapp/db/neo4j/development/lib/neo4j-udc-2.1.5.jar
     [classpath + loader.0] file:/Users/isaac/Desktop/myapp/db/neo4j/development/lib/server-api-2.1.5.jar
     [classpath + loader.0] file:/Users/isaac/Desktop/myapp/db/neo4j/development/lib/neo4j-graph-algo-2.1.5.jar
     [loader.1] file:/Library/Java/JavaVirtualMachines/jdk1.8.0_11.jdk/Contents/Home/jre/lib/ext/cldrdata.jar
     [loader.1] file:/System/Library/Java/Extensions/MRJToolkit.jar
     [loader.1] file:/Library/Java/JavaVirtualMachines/jdk1.8.0_11.jdk/Contents/Home/jre/lib/ext/sunjce_provider.jar
2015-05-28 16:19:33.000+0000 INFO  [org.neo4j]: Library path:
    /Users/isaac/Library/Java/Extensions
    /Library/Java/Extensions
    /Network/Library/Java/Extensions
    /System/Library/Java/Extensions
    /usr/lib/java
    /Users/isaac/Desktop/neo4j_java/neo4je
2015-05-28 16:19:33.001+0000 INFO  [org.neo4j]: System.properties:
    sun.boot.library.path = /Library/Java/JavaVirtualMachines/jdk1.8.0_11.jdk/Contents/Home/jre/lib
    gopherProxySet = false
    path.separator = :
    file.encoding.pkg = sun.io
    user.country = US
    sun.java.launcher = SUN_STANDARD
    sun.os.patch.level = unknown
    user.dir = /Users/isaac/Desktop/neo4j_java/neo4je
    sun.jnu.encoding = UTF-8
    sun.management.compiler = HotSpot 64-Bit Tiered Compilers
    http.nonProxyHosts = local|*.local|169.254/16|*.169.254/16
    user.home = /Users/isaac
    user.timezone = America/New_York
    file.encoding = UTF-8
    user.name = isaac
    sun.java.command = neo4je.InteractCore
    sun.arch.data.model = 64
    user.language = en
    awt.toolkit = sun.lwawt.macosx.LWCToolkit
    file.separator = /
    sun.io.unicode.encoding = UnicodeBig
    sun.cpu.endian = little
    socksNonProxyHosts = local|*.local|169.254/16|*.169.254/16
    ftp.nonProxyHosts = local|*.local|169.254/16|*.169.254/16
    sun.cpu.isalist = 
2015-05-28 16:19:33.002+0000 INFO  [org.neo4j]: Network information:
    Interface awdl0:
        address: fe80:0:0:0:480a:8ff:fe87:d0a4%awdl0
    Interface en1:
        address: fe80:0:0:0:5e96:9dff:fe84:9693%en1
        address: 192.168.0.14
    Interface lo0:
        address: fe80:0:0:0:0:0:0:1%lo0
        address: 0:0:0:0:0:0:0:1
        address: 127.0.0.1
2015-05-28 16:19:33.006+0000 INFO  [org.neo4j]: --- INITIALIZED diagnostics END ---
2015-05-28 16:19:33.509+0000 INFO  [org.neo4j]: graph/sample_db/neostore.relationshiptypestore.db.names non clean shutdown detected
2015-05-28 16:19:33.520+0000 INFO  [org.neo4j]: [graph/sample_db/neostore.relationshiptypestore.db.names] brickCount=0 brickSize=0b mappedMem=0b (storeSize=38b)
2015-05-28 16:19:33.525+0000 INFO  [org.neo4j]: graph/sample_db/neostore.relationshiptypestore.db non clean shutdown detected
2015-05-28 16:19:33.525+0000 INFO  [org.neo4j]: [graph/sample_db/neostore.relationshiptypestore.db] brickCount=0 brickSize=0b mappedMem=0b (storeSize=0b)
2015-05-28 16:19:33.531+0000 INFO  [org.neo4j]: graph/sample_db/neostore.labeltokenstore.db.names non clean shutdown detected
2015-05-28 16:19:33.531+0000 INFO  [org.neo4j]: [graph/sample_db/neostore.labeltokenstore.db.names] brickCount=0 brickSize=0b mappedMem=0b (storeSize=38b)
2015-05-28 16:19:33.533+0000 INFO  [org.neo4j]: graph/sample_db/neostore.labeltokenstore.db non clean shutdown detected
2015-05-28 16:19:33.533+0000 INFO  [org.neo4j]: [graph/sample_db/neostore.labeltokenstore.db] brickCount=0 brickSize=0b mappedMem=0b (storeSize=0b)
2015-05-28 16:19:33.535+0000 INFO  [org.neo4j]: graph/sample_db/neostore.propertystore.db.strings non clean shutdown detected
2015-05-28 16:19:33.536+0000 INFO  [org.neo4j]: [graph/sample_db/neostore.propertystore.db.strings] brickCount=0 brickSize=590336b mappedMem=590348288b (storeSize=128b)
2015-05-28 16:19:33.545+0000 INFO  [org.neo4j]: graph/sample_db/neostore.propertystore.db.index.keys non clean shutdown detected
2015-05-28 16:19:33.545+0000 INFO  [org.neo4j]: [graph/sample_db/neostore.propertystore.db.index.keys] brickCount=0 brickSize=0b mappedMem=0b (storeSize=38b)
2015-05-28 16:19:33.547+0000 INFO  [org.neo4j]: graph/sample_db/neostore.propertystore.db.index non clean shutdown detected
2015-05-28 16:19:33.548+0000 INFO  [org.neo4j]: [graph/sample_db/neostore.propertystore.db.index] brickCount=0 brickSize=0b mappedMem=0b (storeSize=0b)
2015-05-28 16:19:33.590+0000 INFO  [org.neo4j]: graph/sample_db/neostore.propertystore.db.arrays non clean shutdown detected
2015-05-28 16:19:33.590+0000 INFO  [org.neo4j]: [graph/sample_db/neostore.propertystore.db.arrays] brickCount=0 brickSize=669952b mappedMem=670040064b (storeSize=128b)
2015-05-28 16:19:33.670+0000 INFO  [org.neo4j]: graph/sample_db/neostore.propertystore.db non clean shutdown detected
2015-05-28 16:19:33.670+0000 INFO  [org.neo4j]: [graph/sample_db/neostore.propertystore.db] brickCount=0 brickSize=6952042b mappedMem=695205888b (storeSize=0b)
2015-05-28 16:19:33.707+0000 INFO  [org.neo4j]: graph/sample_db/neostore.relationshipstore.db non clean shutdown detected
2015-05-28 16:19:33.707+0000 INFO  [org.neo4j]: [graph/sample_db/neostore.relationshipstore.db] brickCount=0 brickSize=8514416b mappedMem=851443712b (storeSize=0b)
2015-05-28 16:19:33.708+0000 INFO  [org.neo4j]: graph/sample_db/neostore.nodestore.db.labels non clean shutdown detected
2015-05-28 16:19:33.708+0000 INFO  [org.neo4j]: [graph/sample_db/neostore.nodestore.db.labels] brickCount=0 brickSize=0b mappedMem=0b (storeSize=68b)
2015-05-28 16:19:33.721+0000 INFO  [org.neo4j]: graph/sample_db/neostore.nodestore.db non clean shutdown detected
2015-05-28 16:19:33.721+0000 INFO  [org.neo4j]: [graph/sample_db/neostore.nodestore.db] brickCount=0 brickSize=1929375b mappedMem=192937984b (storeSize=0b)
2015-05-28 16:19:33.724+0000 INFO  [org.neo4j]: graph/sample_db/neostore.schemastore.db non clean shutdown detected
2015-05-28 16:19:33.724+0000 INFO  [org.neo4j]: [graph/sample_db/neostore.schemastore.db] brickCount=0 brickSize=0b mappedMem=0b (storeSize=64b)
2015-05-28 16:19:33.728+0000 INFO  [org.neo4j]: graph/sample_db/neostore.relationshipgroupstore.db non clean shutdown detected
2015-05-28 16:19:33.728+0000 INFO  [org.neo4j]: [graph/sample_db/neostore.relationshipgroupstore.db] brickCount=0 brickSize=0b mappedMem=0b (storeSize=25b)
2015-05-28 16:19:33.732+0000 INFO  [org.neo4j]: graph/sample_db/neostore non clean shutdown detected
2015-05-28 16:19:33.732+0000 INFO  [org.neo4j]: [graph/sample_db/neostore] brickCount=0 brickSize=0b mappedMem=0b (storeSize=81b)
2015-05-28 16:19:33.919+0000 INFO  [org.neo4j]: No lucene scan store index found, this might just be first use. Preparing to rebuild.
2015-05-28 16:19:34.096+0000 INFO  [org.neo4j]: Non clean shutdown detected on log [graph/sample_db/nioneo_logical.log.1]. Recovery started ...
2015-05-28 16:19:34.097+0000 INFO  [org.neo4j]: [graph/sample_db/nioneo_logical.log.1] logVersion=0 with committed tx=1
2015-05-28 16:19:34.119+0000 INFO  [org.neo4j]: [graph/sample_db/nioneo_logical.log.1] entries found=0 lastEntryPos=16
2015-05-28 16:19:34.121+0000 INFO  [org.neo4j]: Opened logical log [graph/sample_db/nioneo_logical.log.1] version=0, lastTxId=-1 (recovered)
2015-05-28 16:19:34.121+0000 INFO  [org.neo4j]: XaResourceManager[nioneo_logical.log] sorting 0 xids
2015-05-28 16:19:34.122+0000 INFO  [org.neo4j]: XaResourceManager[nioneo_logical.log] checkRecoveryComplete 0 xids
2015-05-28 16:19:34.134+0000 INFO  [org.neo4j]: graph/sample_db/neostore.relationshiptypestore.db.names rebuild id generator, highId=2 defragged count=0
2015-05-28 16:19:34.136+0000 INFO  [org.neo4j]: graph/sample_db/neostore.relationshiptypestore.db rebuild id generator, highId=0 defragged count=0
2015-05-28 16:19:34.137+0000 INFO  [org.neo4j]: graph/sample_db/neostore.labeltokenstore.db.names rebuild id generator, highId=2 defragged count=0
2015-05-28 16:19:34.138+0000 INFO  [org.neo4j]: graph/sample_db/neostore.labeltokenstore.db rebuild id generator, highId=0 defragged count=0
2015-05-28 16:19:34.139+0000 INFO  [org.neo4j]: graph/sample_db/neostore.propertystore.db.index.keys rebuild id generator, highId=2 defragged count=0
2015-05-28 16:19:34.140+0000 INFO  [org.neo4j]: graph/sample_db/neostore.propertystore.db.index rebuild id generator, highId=0 defragged count=0
2015-05-28 16:19:34.141+0000 INFO  [org.neo4j]: graph/sample_db/neostore.propertystore.db.strings rebuild id generator, highId=2 defragged count=0
2015-05-28 16:19:34.143+0000 INFO  [org.neo4j]: graph/sample_db/neostore.propertystore.db.arrays rebuild id generator, highId=2 defragged count=0
2015-05-28 16:19:34.178+0000 INFO  [org.neo4j]: graph/sample_db/neostore.propertystore.db rebuild id generator, highId=0 defragged count=0
2015-05-28 16:19:34.179+0000 INFO  [org.neo4j]: graph/sample_db/neostore.relationshipstore.db rebuild id generator, highId=0 defragged count=0
2015-05-28 16:19:34.180+0000 INFO  [org.neo4j]: graph/sample_db/neostore.nodestore.db.labels rebuild id generator, highId=2 defragged count=0
2015-05-28 16:19:34.182+0000 INFO  [org.neo4j]: graph/sample_db/neostore.nodestore.db rebuild id generator, highId=0 defragged count=0
2015-05-28 16:19:34.183+0000 INFO  [org.neo4j]: graph/sample_db/neostore.schemastore.db rebuild id generator, highId=2 defragged count=0
2015-05-28 16:19:34.184+0000 INFO  [org.neo4j]: graph/sample_db/neostore.relationshipgroupstore.db rebuild id generator, highId=1 defragged count=0
2015-05-28 16:19:34.185+0000 INFO  [org.neo4j]: graph/sample_db/neostore rebuild id generator, highId=9 defragged count=0
2015-05-28 16:19:34.186+0000 INFO  [org.neo4j]: XaResourceManager[nioneo_logical.log] recovery completed.
2015-05-28 16:19:34.186+0000 INFO  [org.neo4j]: Recovery on log [graph/sample_db/nioneo_logical.log.1] completed.
2015-05-28 16:19:34.189+0000 INFO  [org.neo4j]: Rebuilding lucene scan store, this may take a while
2015-05-28 16:19:34.191+0000 INFO  [org.neo4j]: Lucene scan store rebuilt (roughly -1 nodes)
2015-05-28 16:19:34.225+0000 INFO  [org.neo4j]: TM opening log: graph/sample_db/tm_tx_log.1
2015-05-28 16:19:34.271+0000 INFO  [org.neo4j]: Kernel health set to OK
2015-05-28 16:19:34.331+0000 INFO  [org.neo4j]: Non clean shutdown detected on log [graph/sample_db/index/lucene.log.1]. Recovery started ...
2015-05-28 16:19:34.331+0000 INFO  [org.neo4j]: [graph/sample_db/index/lucene.log.1] logVersion=0 with committed tx=1
2015-05-28 16:19:34.331+0000 INFO  [org.neo4j]: [graph/sample_db/index/lucene.log.1] entries found=0 lastEntryPos=16
2015-05-28 16:19:34.332+0000 INFO  [org.neo4j]: Opened logical log [graph/sample_db/index/lucene.log.1] version=0, lastTxId=-1 (recovered)
2015-05-28 16:19:34.332+0000 INFO  [org.neo4j]: XaResourceManager[lucene.log] sorting 0 xids
2015-05-28 16:19:34.332+0000 INFO  [org.neo4j]: XaResourceManager[lucene.log] checkRecoveryComplete 0 xids
2015-05-28 16:19:34.332+0000 INFO  [org.neo4j]: XaResourceManager[lucene.log] recovery completed.
2015-05-28 16:19:34.332+0000 INFO  [org.neo4j]: Recovery on log [graph/sample_db/index/lucene.log.1] completed.
2015-05-28 16:19:34.373+0000 INFO  [org.neo4j]: --- STARTED diagnostics for KernelDiagnostics:Versions START ---
2015-05-28 16:19:34.374+0000 INFO  [org.neo4j]: Graph Database: org.neo4j.kernel.EmbeddedGraphDatabase StoreId{creationTime=1432829470953, randomId=-2615075753720666376, storeVersion=14406081294923270, upgradeTime=1432829470953, upgradeId=-2615075753720666376}
2015-05-28 16:19:34.374+0000 INFO  [org.neo4j]: Kernel version: Neo4j - Graph Database Kernel (neo4j-kernel), version: 2.1.5
2015-05-28 16:19:34.374+0000 INFO  [org.neo4j]: Neo4j component versions:
2015-05-28 16:19:34.378+0000 INFO  [org.neo4j]:   Neo4j - Cypher Compiler 1.9 (neo4j-cypher-compiler-1.9), version: 2.0.3; revision: 2.0.3:2.0-maint:72/307c563c11b75fdc71cfa6df05daf9b08d6c37dc
2015-05-28 16:19:34.378+0000 INFO  [org.neo4j]:   Neo4j - Cypher Commons (neo4j-cypher-commons), version: 2.1.5; revision: 2.1.5:2.1-maint:529/45c3cc04946c2b0e243e48c8252e40cb85931744
2015-05-28 16:19:34.378+0000 INFO  [org.neo4j]:   neo4j-udc, version: 2.1.5; revision: 2.1.5:2.1-maint:529/45c3cc04946c2b0e243e48c8252e40cb85931744
2015-05-28 16:19:34.378+0000 INFO  [org.neo4j]:   Neo4j Server API (server-api), version: 2.1.5; revision: 2.1.5:2.1-maint:529/45c3cc04946c2b0e243e48c8252e40cb85931744
2015-05-28 16:19:34.378+0000 INFO  [org.neo4j]:   Neo4j - Lucene Index (neo4j-lucene-index), version: 2.1.5; revision: 2.1.5:2.1-maint:529/45c3cc04946c2b0e243e48c8252e40cb85931744
2015-05-28 16:19:34.378+0000 INFO  [org.neo4j]:   Neo4j - Cypher Compiler 2.0 (neo4j-cypher-compiler-2.0), version: 2.0.3; revision: 2.0.3:2.0-maint:72/307c563c11b75fdc71cfa6df05daf9b08d6c37dc
2015-05-28 16:19:34.378+0000 INFO  [org.neo4j]:   Neo4j - Graph Database Kernel (neo4j-kernel), version: 2.1.5; revision: 2.1.5:2.1-maint:529/45c3cc04946c2b0e243e48c8252e40cb85931744
2015-05-28 16:19:34.378+0000 INFO  [org.neo4j]:   Neo4j - Graph Matching (neo4j-graph-matching), version: 2.1.5; revision: 2.1.5:2.1-maint:529/45c3cc04946c2b0e243e48c8252e40cb85931744
2015-05-28 16:19:34.379+0000 INFO  [org.neo4j]:   Neo4j - JMX support (neo4j-jmx), version: 2.1.5; revision: 2.1.5:2.1-maint:529/45c3cc04946c2b0e243e48c8252e40cb85931744
2015-05-28 16:19:34.379+0000 INFO  [org.neo4j]:   Neo4j - Cypher (neo4j-cypher), version: 2.1.5; revision: 2.1.5:2.1-maint:529/45c3cc04946c2b0e243e48c8252e40cb85931744
2015-05-28 16:19:34.379+0000 INFO  [org.neo4j]:   Neo4j - Generic shell (neo4j-shell), version: 2.1.5; revision: 2.1.5:2.1-maint:529/45c3cc04946c2b0e243e48c8252e40cb85931744
2015-05-28 16:19:34.379+0000 INFO  [org.neo4j]:   Neo4j - Graph Algorithms (neo4j-graph-algo), version: 2.1.5; revision: 2.1.5:2.1-maint:529/45c3cc04946c2b0e243e48c8252e40cb85931744
2015-05-28 16:19:34.379+0000 INFO  [org.neo4j]: --- STARTED diagnostics for KernelDiagnostics:Versions END ---
2015-05-28 16:19:34.385+0000 INFO  [org.neo4j]: --- STARTED diagnostics for NEO_STORE_VERSIONS START ---
2015-05-28 16:19:34.386+0000 INFO  [org.neo4j]: Store versions:
    Store versions:
      NeoStore v0.A.3
      SchemaStore v0.A.3
      NodeStore v0.A.3
      RelationshipStore v0.A.3
      RelationshipTypeStore v0.A.3
      LabelTokenStore v0.A.3
      PropertyStore v0.A.3
      PropertyIndexStore v0.A.3
      StringPropertyStore v0.A.3
      ArrayPropertyStore v0.A.3
      RelationshipGroupStore v0.A.3
2015-05-28 16:19:34.386+0000 INFO  [org.neo4j]: --- STARTED diagnostics for NEO_STORE_VERSIONS END ---
2015-05-28 16:19:34.386+0000 INFO  [org.neo4j]: --- STARTED diagnostics for NEO_STORE_ID_USAGE START ---
2015-05-28 16:19:34.386+0000 INFO  [org.neo4j]: Id usage:
    Id usage:
      SchemaStore: used=2 high=1
      NodeStore: used=0 high=-1
      RelationshipStore: used=0 high=-1
      RelationshipTypeStore: used=0 high=-1
      LabelTokenStore: used=0 high=-1
      PropertyStore: used=0 high=-1
      PropertyIndexStore: used=0 high=-1
      StringPropertyStore: used=2 high=1
      ArrayPropertyStore: used=2 high=1
      RelationshipGroupStore: used=1 high=0
2015-05-28 16:19:34.387+0000 INFO  [org.neo4j]: --- STARTED diagnostics for NEO_STORE_ID_USAGE END ---
2015-05-28 16:19:34.387+0000 INFO  [org.neo4j]: --- STARTED diagnostics for PERSISTENCE_WINDOW_POOL_STATS START ---
2015-05-28 16:19:34.387+0000 INFO  [org.neo4j]: --- STARTED diagnostics for PERSISTENCE_WINDOW_POOL_STATS END ---
2015-05-28 16:19:34.387+0000 INFO  [org.neo4j]: --- STARTED diagnostics for KernelDiagnostics:StoreFiles START ---
2015-05-28 16:19:34.387+0000 INFO  [org.neo4j]: Disk space on partition (Total / Free / Free %): 539999993856 / 321267355648 / 59
Storage files: (filename : modification date - size)
      .DS_Store: 2015-05-28T12:11:37-0400 - 10.00 kB
      active_tx_log: 2015-05-28T12:11:11-0400 - 11.00 B
      index:
        lucene-store.db: 2015-05-28T12:11:11-0400 - 40.00 B
        lucene.log.1: 2015-05-28T12:11:12-0400 - 16.00 B
        lucene.log.active: 2015-05-28T12:11:11-0400 - 4.00 B
      - Total: 2015-05-28T12:11:11-0400 - 60.00 B
      lock: 2015-05-28T12:11:11-0400 - 0.00 B
      messages.log: 2015-05-28T12:19:34-0400 - 46.13 kB
      neostore: 2015-05-28T12:19:34-0400 - 81.00 B
      neostore.id: 2015-05-28T12:19:34-0400 - 9.00 B
      neostore.labeltokenstore.db: 2015-05-28T12:11:11-0400 - 0.00 B
      neostore.labeltokenstore.db.id: 2015-05-28T12:19:34-0400 - 9.00 B
      neostore.labeltokenstore.db.names: 2015-05-28T12:11:11-0400 - 38.00 B
      neostore.labeltokenstore.db.names.id: 2015-05-28T12:19:34-0400 - 9.00 B
      neostore.nodestore.db: 2015-05-28T12:11:11-0400 - 0.00 B
      neostore.nodestore.db.id: 2015-05-28T12:19:34-0400 - 9.00 B
      neostore.nodestore.db.labels: 2015-05-28T12:11:11-0400 - 68.00 B
      neostore.nodestore.db.labels.id: 2015-05-28T12:19:34-0400 - 9.00 B
      neostore.propertystore.db: 2015-05-28T12:11:11-0400 - 0.00 B
      neostore.propertystore.db.arrays: 2015-05-28T12:11:11-0400 - 128.00 B
      neostore.propertystore.db.arrays.id: 2015-05-28T12:19:34-0400 - 9.00 B
      neostore.propertystore.db.id: 2015-05-28T12:19:34-0400 - 9.00 B
      neostore.propertystore.db.index: 2015-05-28T12:11:11-0400 - 0.00 B
      neostore.propertystore.db.index.id: 2015-05-28T12:19:34-0400 - 9.00 B
      neostore.propertystore.db.index.keys: 2015-05-28T12:11:11-0400 - 38.00 B
      neostore.propertystore.db.index.keys.id: 2015-05-28T12:19:34-0400 - 9.00 B
      neostore.propertystore.db.strings: 2015-05-28T12:11:11-0400 - 128.00 B
      neostore.propertystore.db.strings.id: 2015-05-28T12:19:34-0400 - 9.00 B
      neostore.relationshipgroupstore.db: 2015-05-28T12:11:11-0400 - 25.00 B
      neostore.relationshipgroupstore.db.id: 2015-05-28T12:19:34-0400 - 9.00 B
      neostore.relationshipstore.db: 2015-05-28T12:11:11-0400 - 0.00 B
      neostore.relationshipstore.db.id: 2015-05-28T12:19:34-0400 - 9.00 B
      neostore.relationshiptypestore.db: 2015-05-28T12:11:11-0400 - 0.00 B
      neostore.relationshiptypestore.db.id: 2015-05-28T12:19:34-0400 - 9.00 B
      neostore.relationshiptypestore.db.names: 2015-05-28T12:11:11-0400 - 38.00 B
      neostore.relationshiptypestore.db.names.id: 2015-05-28T12:19:34-0400 - 9.00 B
      neostore.schemastore.db: 2015-05-28T12:11:11-0400 - 64.00 B
      neostore.schemastore.db.id: 2015-05-28T12:19:34-0400 - 9.00 B
      nioneo_logical.log.1: 2015-05-28T12:11:12-0400 - 16.00 B
      nioneo_logical.log.active: 2015-05-28T12:11:11-0400 - 4.00 B
      schema:
        .DS_Store: 2015-05-28T12:11:42-0400 - 6.00 kB
        label:
          .DS_Store: 2015-05-28T12:11:42-0400 - 6.00 kB
          lucene:
            segments.gen: 2015-05-28T12:19:34-0400 - 20.00 B
            segments_1: 2015-05-28T12:19:34-0400 - 32.00 B
            write.lock: 2015-05-28T12:19:34-0400 - 0.00 B
          - Total: 2015-05-28T12:19:34-0400 - 52.00 B
        - Total: 2015-05-28T12:19:34-0400 - 6.05 kB
      - Total: 2015-05-28T12:11:37-0400 - 12.06 kB
      store_lock: 2015-05-28T12:11:10-0400 - 0.00 B
      tm_tx_log.1: 2015-05-28T12:11:11-0400 - 0.00 B
2015-05-28 16:20:43.649+0000 INFO  [org.neo4j]: You are using an unsupported version of the Java runtime. Please use Oracle(R) Java(TM) Runtime Environment 7 or OpenJDK(TM) 7.
2015-05-28 16:20:43.779+0000 INFO  [org.neo4j]: No locking implementation specified, defaulting to 'community'
2015-05-28 16:20:43.871+0000 INFO  [org.neo4j]: --- INITIALIZED diagnostics START ---
2015-05-28 16:20:43.872+0000 INFO  [org.neo4j]: Neo4j Kernel properties:
    neostore.propertystore.db.strings.mapped_memory=563M
    ephemeral=false
    neostore.nodestore.db.mapped_memory=184M
    store_dir=graph/sample_db
    neostore.propertystore.db.arrays.mapped_memory=639M
    neostore.propertystore.db.mapped_memory=663M
    neostore.relationshipstore.db.mapped_memory=812M
2015-05-28 16:20:43.874+0000 INFO  [org.neo4j]: Diagnostics providers:
    org.neo4j.kernel.configuration.Config
    org.neo4j.kernel.info.DiagnosticsManager
    SYSTEM_MEMORY
    JAVA_MEMORY
    OPERATING_SYSTEM
    JAVA_VIRTUAL_MACHINE
    CLASSPATH
    LIBRARY_PATH
    SYSTEM_PROPERTIES
    NETWORK
2015-05-28 16:20:43.903+0000 INFO  [org.neo4j]: System memory information:
    Total Physical memory: 8.00 GB
    Free Physical memory: 52.55 MB
    Committed virtual memory: 5.75 GB
    Total swap space: 1.00 GB
    Free swap space: 967.75 MB
2015-05-28 16:20:43.910+0000 INFO  [org.neo4j]: JVM memory information:
    Free  memory: 128.20 MB
    Total memory: 131.50 MB
    Max   memory: 1.78 GB
    Garbage Collector: PS Scavenge: [PS Eden Space, PS Survivor Space]
    Garbage Collector: PS MarkSweep: [PS Eden Space, PS Survivor Space, PS Old Gen]
    Memory Pool: Code Cache (Non-heap memory): committed=2.44 MB, used=2.26 MB, max=240.00 MB, threshold=0.00 B
    Memory Pool: Metaspace (Non-heap memory): committed=6.38 MB, used=6.23 MB, max=-1.00 B, threshold=0.00 B
    Memory Pool: Compressed Class Space (Non-heap memory): committed=896.00 kB, used=833.77 kB, max=1.00 GB, threshold=0.00 B
    Memory Pool: PS Eden Space (Heap memory): committed=4.00 MB, used=1.18 MB, max=680.00 MB, threshold=?
    Memory Pool: PS Survivor Space (Heap memory): committed=1.00 MB, used=1004.95 kB, max=1.00 MB, threshold=?
    Memory Pool: PS Old Gen (Heap memory): committed=126.50 MB, used=1.21 MB, max=1.33 GB, threshold=0.00 B
2015-05-28 16:20:43.931+0000 INFO  [org.neo4j]: Operating system information:
    Operating System: Mac OS X; version: 10.10; arch: x86_64; cpus: 4
    Max number of file descriptors: 10240
    Number of open file descriptors: 31
    Process id: 32616@Isaacs-MacBook-Pro.local
    Byte order: LITTLE_ENDIAN
    Local timezone: America/New_York
2015-05-28 16:20:43.961+0000 INFO  [org.neo4j]: JVM information:
    VM Name: Java HotSpot(TM) 64-Bit Server VM
    VM Vendor: Oracle Corporation
    VM Version: 25.11-b03
    JIT compiler: HotSpot 64-Bit Tiered Compilers
    VM Arguments: [-Dfile.encoding=UTF-8]
2015-05-28 16:20:43.962+0000 INFO  [org.neo4j]: Java classpath:
     [classpath + loader.0] file:/Users/isaac/Desktop/myapp/db/neo4j/development/lib/parboiled-core-1.1.6.jar
     [classpath + loader.0] file:/Users/isaac/Desktop/myapp/db/neo4j/development/lib/geronimo-jta_1.1_spec-1.1.1.jar
     [classpath + loader.0] file:/Users/isaac/Desktop/neo4j_java/neo4je/bin/
     [loader.1] file:/Library/Java/JavaVirtualMachines/jdk1.8.0_11.jdk/Contents/Home/jre/lib/ext/dnsns.jar
     [classpath + loader.0] file:/Users/isaac/Desktop/myapp/db/neo4j/development/lib/parboiled-scala_2.10-1.1.6.jar
     [bootstrap] /Library/Java/JavaVirtualMachines/jdk1.8.0_11.jdk/Contents/Home/jre/lib/jce.jar
     [classpath + loader.0] file:/Users/isaac/Desktop/myapp/db/neo4j/development/lib/scala-library-2.10.4.jar
     [loader.1] file:/Library/Java/JavaVirtualMachines/jdk1.8.0_11.jdk/Contents/Home/jre/lib/ext/nashorn.jar
     [classpath + loader.0] file:/Users/isaac/Desktop/myapp/db/neo4j/development/lib/neo4j-graph-matching-2.1.5.jar
     [classpath + loader.0] file:/Users/isaac/Desktop/myapp/db/neo4j/development/lib/neo4j-cypher-compiler-2.0-2.0.3.jar
     [bootstrap] /Library/Java/JavaVirtualMachines/jdk1.8.0_11.jdk/Contents/Home/jre/lib/resources.jar
     [classpath + loader.0] file:/Users/isaac/Desktop/myapp/db/neo4j/development/lib/neo4j-cypher-compiler-2.1-2.1.5.jar
     [bootstrap] /Library/Java/JavaVirtualMachines/jdk1.8.0_11.jdk/Contents/Home/jre/classes
     [classpath + loader.0] file:/Users/isaac/Desktop/myapp/db/neo4j/development/lib/neo4j-lucene-index-2.1.5.jar
     [classpath + loader.0] file:/Users/isaac/Desktop/myapp/db/neo4j/development/lib/concurrentlinkedhashmap-lru-1.3.1.jar
     [bootstrap] /Library/Java/JavaVirtualMachines/jdk1.8.0_11.jdk/Contents/Home/jre/lib/charsets.jar
     [classpath + loader.0] file:/Users/isaac/Desktop/myapp/db/neo4j/development/lib/neo4j-cypher-2.1.5.jar
     [classpath + loader.0] file:/Users/isaac/Desktop/myapp/db/neo4j/development/lib/opencsv-2.0.jar
     [classpath + loader.0] file:/Users/isaac/Desktop/myapp/db/neo4j/development/lib/neo4j-cypher-commons-2.1.5.jar
     [classpath + loader.0] file:/Users/isaac/Desktop/myapp/db/neo4j/development/lib/neo4j-kernel-2.1.5.jar
     [bootstrap] /Library/Java/JavaVirtualMachines/jdk1.8.0_11.jdk/Contents/Home/jre/lib/jsse.jar
     [loader.1] file:/Library/Java/JavaVirtualMachines/jdk1.8.0_11.jdk/Contents/Home/jre/lib/ext/jfxrt.jar
     [loader.1] file:/Library/Java/JavaVirtualMachines/jdk1.8.0_11.jdk/Contents/Home/jre/lib/ext/sunec.jar
     [loader.1] file:/Library/Java/JavaVirtualMachines/jdk1.8.0_11.jdk/Contents/Home/jre/lib/ext/sunpkcs11.jar
     [loader.1] file:/Library/Java/JavaVirtualMachines/jdk1.8.0_11.jdk/Contents/Home/jre/lib/ext/zipfs.jar
     [bootstrap] /Library/Java/JavaVirtualMachines/jdk1.8.0_11.jdk/Contents/Home/jre/lib/sunrsasign.jar
     [classpath + loader.0] file:/Users/isaac/Desktop/myapp/db/neo4j/development/lib/org.apache.servicemix.bundles.jline-0.9.94_1.jar
     [bootstrap] /Library/Java/JavaVirtualMachines/jdk1.8.0_11.jdk/Contents/Home/jre/lib/rt.jar
     [bootstrap] /Library/Java/JavaVirtualMachines/jdk1.8.0_11.jdk/Contents/Home/jre/lib/jfr.jar
     [classpath + loader.0] file:/Users/isaac/Desktop/myapp/db/neo4j/development/lib/lucene-core-3.6.2.jar
     [classpath + loader.0] file:/Users/isaac/Desktop/myapp/db/neo4j/development/lib/neo4j-cypher-compiler-1.9-2.0.3.jar
     [classpath + loader.0] file:/Users/isaac/Desktop/myapp/db/neo4j/development/lib/neo4j-primitive-collections-2.1.5.jar
     [loader.1] file:/Library/Java/JavaVirtualMachines/jdk1.8.0_11.jdk/Contents/Home/jre/lib/ext/localedata.jar
     [classpath + loader.0] file:/Users/isaac/Desktop/myapp/db/neo4j/development/lib/neo4j-jmx-2.1.5.jar
     [classpath + loader.0] file:/Users/isaac/Desktop/myapp/db/neo4j/development/lib/neo4j-shell-2.1.5.jar
     [classpath + loader.0] file:/Users/isaac/Desktop/myapp/db/neo4j/development/lib/neo4j-udc-2.1.5.jar
     [classpath + loader.0] file:/Users/isaac/Desktop/myapp/db/neo4j/development/lib/server-api-2.1.5.jar
     [classpath + loader.0] file:/Users/isaac/Desktop/myapp/db/neo4j/development/lib/neo4j-graph-algo-2.1.5.jar
     [loader.1] file:/Library/Java/JavaVirtualMachines/jdk1.8.0_11.jdk/Contents/Home/jre/lib/ext/cldrdata.jar
     [loader.1] file:/System/Library/Java/Extensions/MRJToolkit.jar
     [loader.1] file:/Library/Java/JavaVirtualMachines/jdk1.8.0_11.jdk/Contents/Home/jre/lib/ext/sunjce_provider.jar
2015-05-28 16:20:43.964+0000 INFO  [org.neo4j]: Library path:
    /Users/isaac/Library/Java/Extensions
    /Library/Java/Extensions
    /Network/Library/Java/Extensions
    /System/Library/Java/Extensions
    /usr/lib/java
    /Users/isaac/Desktop/neo4j_java/neo4je
2015-05-28 16:20:43.965+0000 INFO  [org.neo4j]: System.properties:
    sun.boot.library.path = /Library/Java/JavaVirtualMachines/jdk1.8.0_11.jdk/Contents/Home/jre/lib
    gopherProxySet = false
    path.separator = :
    file.encoding.pkg = sun.io
    user.country = US
    sun.java.launcher = SUN_STANDARD
    sun.os.patch.level = unknown
    user.dir = /Users/isaac/Desktop/neo4j_java/neo4je
    sun.jnu.encoding = UTF-8
    sun.management.compiler = HotSpot 64-Bit Tiered Compilers
    http.nonProxyHosts = local|*.local|169.254/16|*.169.254/16
    user.home = /Users/isaac
    user.timezone = America/New_York
    file.encoding = UTF-8
    user.name = isaac
    sun.java.command = neo4je.InteractCore
    sun.arch.data.model = 64
    user.language = en
    awt.toolkit = sun.lwawt.macosx.LWCToolkit
    file.separator = /
    sun.io.unicode.encoding = UnicodeBig
    sun.cpu.endian = little
    socksNonProxyHosts = local|*.local|169.254/16|*.169.254/16
    ftp.nonProxyHosts = local|*.local|169.254/16|*.169.254/16
    sun.cpu.isalist = 
2015-05-28 16:20:43.965+0000 INFO  [org.neo4j]: Network information:
    Interface awdl0:
        address: fe80:0:0:0:480a:8ff:fe87:d0a4%awdl0
    Interface en1:
        address: fe80:0:0:0:5e96:9dff:fe84:9693%en1
        address: 192.168.0.14
    Interface lo0:
        address: fe80:0:0:0:0:0:0:1%lo0
        address: 0:0:0:0:0:0:0:1
        address: 127.0.0.1
2015-05-28 16:20:43.970+0000 INFO  [org.neo4j]: --- INITIALIZED diagnostics END ---
2015-05-28 16:20:44.151+0000 INFO  [org.neo4j]: graph/sample_db/neostore.relationshiptypestore.db.names non clean shutdown detected
2015-05-28 16:20:44.155+0000 INFO  [org.neo4j]: [graph/sample_db/neostore.relationshiptypestore.db.names] brickCount=0 brickSize=0b mappedMem=0b (storeSize=38b)
2015-05-28 16:20:44.156+0000 INFO  [org.neo4j]: graph/sample_db/neostore.relationshiptypestore.db non clean shutdown detected
2015-05-28 16:20:44.156+0000 INFO  [org.neo4j]: [graph/sample_db/neostore.relationshiptypestore.db] brickCount=0 brickSize=0b mappedMem=0b (storeSize=0b)
2015-05-28 16:20:44.156+0000 INFO  [org.neo4j]: graph/sample_db/neostore.labeltokenstore.db.names non clean shutdown detected
2015-05-28 16:20:44.156+0000 INFO  [org.neo4j]: [graph/sample_db/neostore.labeltokenstore.db.names] brickCount=0 brickSize=0b mappedMem=0b (storeSize=38b)
2015-05-28 16:20:44.157+0000 INFO  [org.neo4j]: graph/sample_db/neostore.labeltokenstore.db non clean shutdown detected
2015-05-28 16:20:44.157+0000 INFO  [org.neo4j]: [graph/sample_db/neostore.labeltokenstore.db] brickCount=0 brickSize=0b mappedMem=0b (storeSize=0b)
2015-05-28 16:20:44.157+0000 INFO  [org.neo4j]: graph/sample_db/neostore.propertystore.db.strings non clean shutdown detected
2015-05-28 16:20:44.157+0000 INFO  [org.neo4j]: [graph/sample_db/neostore.propertystore.db.strings] brickCount=0 brickSize=590336b mappedMem=590348288b (storeSize=128b)
2015-05-28 16:20:44.157+0000 INFO  [org.neo4j]: graph/sample_db/neostore.propertystore.db.index.keys non clean shutdown detected
2015-05-28 16:20:44.158+0000 INFO  [org.neo4j]: [graph/sample_db/neostore.propertystore.db.index.keys] brickCount=0 brickSize=0b mappedMem=0b (storeSize=38b)
2015-05-28 16:20:44.158+0000 INFO  [org.neo4j]: graph/sample_db/neostore.propertystore.db.index non clean shutdown detected
2015-05-28 16:20:44.158+0000 INFO  [org.neo4j]: [graph/sample_db/neostore.propertystore.db.index] brickCount=0 brickSize=0b mappedMem=0b (storeSize=0b)
2015-05-28 16:20:44.159+0000 INFO  [org.neo4j]: graph/sample_db/neostore.propertystore.db.arrays non clean shutdown detected
2015-05-28 16:20:44.160+0000 INFO  [org.neo4j]: [graph/sample_db/neostore.propertystore.db.arrays] brickCount=0 brickSize=669952b mappedMem=670040064b (storeSize=128b)
2015-05-28 16:20:44.164+0000 INFO  [org.neo4j]: graph/sample_db/neostore.propertystore.db non clean shutdown detected
2015-05-28 16:20:44.164+0000 INFO  [org.neo4j]: [graph/sample_db/neostore.propertystore.db] brickCount=0 brickSize=6952042b mappedMem=695205888b (storeSize=0b)
2015-05-28 16:20:44.166+0000 INFO  [org.neo4j]: graph/sample_db/neostore.relationshipstore.db non clean shutdown detected
2015-05-28 16:20:44.166+0000 INFO  [org.neo4j]: [graph/sample_db/neostore.relationshipstore.db] brickCount=0 brickSize=8514416b mappedMem=851443712b (storeSize=0b)
2015-05-28 16:20:44.166+0000 INFO  [org.neo4j]: graph/sample_db/neostore.nodestore.db.labels non clean shutdown detected
2015-05-28 16:20:44.167+0000 INFO  [org.neo4j]: [graph/sample_db/neostore.nodestore.db.labels] brickCount=0 brickSize=0b mappedMem=0b (storeSize=68b)
2015-05-28 16:20:44.168+0000 INFO  [org.neo4j]: graph/sample_db/neostore.nodestore.db non clean shutdown detected
2015-05-28 16:20:44.168+0000 INFO  [org.neo4j]: [graph/sample_db/neostore.nodestore.db] brickCount=0 brickSize=1929375b mappedMem=192937984b (storeSize=0b)
2015-05-28 16:20:44.169+0000 INFO  [org.neo4j]: graph/sample_db/neostore.schemastore.db non clean shutdown detected
2015-05-28 16:20:44.169+0000 INFO  [org.neo4j]: [graph/sample_db/neostore.schemastore.db] brickCount=0 brickSize=0b mappedMem=0b (storeSize=64b)
2015-05-28 16:20:44.171+0000 INFO  [org.neo4j]: graph/sample_db/neostore.relationshipgroupstore.db non clean shutdown detected
2015-05-28 16:20:44.171+0000 INFO  [org.neo4j]: [graph/sample_db/neostore.relationshipgroupstore.db] brickCount=0 brickSize=0b mappedMem=0b (storeSize=25b)
2015-05-28 16:20:44.172+0000 INFO  [org.neo4j]: graph/sample_db/neostore non clean shutdown detected
2015-05-28 16:20:44.172+0000 INFO  [org.neo4j]: [graph/sample_db/neostore] brickCount=0 brickSize=0b mappedMem=0b (storeSize=81b)
2015-05-28 16:20:44.315+0000 INFO  [org.neo4j]: Non clean shutdown detected on log [graph/sample_db/nioneo_logical.log.1]. Recovery started ...
2015-05-28 16:20:44.316+0000 INFO  [org.neo4j]: [graph/sample_db/nioneo_logical.log.1] logVersion=0 with committed tx=1
2015-05-28 16:20:44.322+0000 INFO  [org.neo4j]: [graph/sample_db/nioneo_logical.log.1] entries found=0 lastEntryPos=16
2015-05-28 16:20:44.322+0000 INFO  [org.neo4j]: Opened logical log [graph/sample_db/nioneo_logical.log.1] version=0, lastTxId=-1 (recovered)
2015-05-28 16:20:44.322+0000 INFO  [org.neo4j]: XaResourceManager[nioneo_logical.log] sorting 0 xids
2015-05-28 16:20:44.323+0000 INFO  [org.neo4j]: XaResourceManager[nioneo_logical.log] checkRecoveryComplete 0 xids
2015-05-28 16:20:44.328+0000 INFO  [org.neo4j]: graph/sample_db/neostore.relationshiptypestore.db.names rebuild id generator, highId=2 defragged count=0
2015-05-28 16:20:44.329+0000 INFO  [org.neo4j]: graph/sample_db/neostore.relationshiptypestore.db rebuild id generator, highId=0 defragged count=0
2015-05-28 16:20:44.330+0000 INFO  [org.neo4j]: graph/sample_db/neostore.labeltokenstore.db.names rebuild id generator, highId=2 defragged count=0
2015-05-28 16:20:44.332+0000 INFO  [org.neo4j]: graph/sample_db/neostore.labeltokenstore.db rebuild id generator, highId=0 defragged count=0
2015-05-28 16:20:44.334+0000 INFO  [org.neo4j]: graph/sample_db/neostore.propertystore.db.index.keys rebuild id generator, highId=2 defragged count=0
2015-05-28 16:20:44.335+0000 INFO  [org.neo4j]: graph/sample_db/neostore.propertystore.db.index rebuild id generator, highId=0 defragged count=0
2015-05-28 16:20:44.337+0000 INFO  [org.neo4j]: graph/sample_db/neostore.propertystore.db.strings rebuild id generator, highId=2 defragged count=0
2015-05-28 16:20:44.340+0000 INFO  [org.neo4j]: graph/sample_db/neostore.propertystore.db.arrays rebuild id generator, highId=2 defragged count=0
2015-05-28 16:20:44.353+0000 INFO  [org.neo4j]: graph/sample_db/neostore.propertystore.db rebuild id generator, highId=0 defragged count=0
2015-05-28 16:20:44.353+0000 INFO  [org.neo4j]: graph/sample_db/neostore.relationshipstore.db rebuild id generator, highId=0 defragged count=0
2015-05-28 16:20:44.354+0000 INFO  [org.neo4j]: graph/sample_db/neostore.nodestore.db.labels rebuild id generator, highId=2 defragged count=0
2015-05-28 16:20:44.356+0000 INFO  [org.neo4j]: graph/sample_db/neostore.nodestore.db rebuild id generator, highId=0 defragged count=0
2015-05-28 16:20:44.357+0000 INFO  [org.neo4j]: graph/sample_db/neostore.schemastore.db rebuild id generator, highId=2 defragged count=0
2015-05-28 16:20:44.358+0000 INFO  [org.neo4j]: graph/sample_db/neostore.relationshipgroupstore.db rebuild id generator, highId=1 defragged count=0
2015-05-28 16:20:44.359+0000 INFO  [org.neo4j]: graph/sample_db/neostore rebuild id generator, highId=9 defragged count=0
2015-05-28 16:20:44.360+0000 INFO  [org.neo4j]: XaResourceManager[nioneo_logical.log] recovery completed.
2015-05-28 16:20:44.360+0000 INFO  [org.neo4j]: Recovery on log [graph/sample_db/nioneo_logical.log.1] completed.
2015-05-28 16:20:44.364+0000 INFO  [org.neo4j]: TM opening log: graph/sample_db/tm_tx_log.1
2015-05-28 16:20:44.370+0000 INFO  [org.neo4j]: Kernel health set to OK
2015-05-28 16:20:44.380+0000 INFO  [org.neo4j]: Non clean shutdown detected on log [graph/sample_db/index/lucene.log.1]. Recovery started ...
2015-05-28 16:20:44.380+0000 INFO  [org.neo4j]: [graph/sample_db/index/lucene.log.1] logVersion=0 with committed tx=1
2015-05-28 16:20:44.380+0000 INFO  [org.neo4j]: [graph/sample_db/index/lucene.log.1] entries found=0 lastEntryPos=16
2015-05-28 16:20:44.380+0000 INFO  [org.neo4j]: Opened logical log [graph/sample_db/index/lucene.log.1] version=0, lastTxId=-1 (recovered)
2015-05-28 16:20:44.381+0000 INFO  [org.neo4j]: XaResourceManager[lucene.log] sorting 0 xids
2015-05-28 16:20:44.381+0000 INFO  [org.neo4j]: XaResourceManager[lucene.log] checkRecoveryComplete 0 xids
2015-05-28 16:20:44.381+0000 INFO  [org.neo4j]: XaResourceManager[lucene.log] recovery completed.
2015-05-28 16:20:44.381+0000 INFO  [org.neo4j]: Recovery on log [graph/sample_db/index/lucene.log.1] completed.
2015-05-28 16:20:44.392+0000 INFO  [org.neo4j]: --- STARTED diagnostics for KernelDiagnostics:Versions START ---
2015-05-28 16:20:44.392+0000 INFO  [org.neo4j]: Graph Database: org.neo4j.kernel.EmbeddedGraphDatabase StoreId{creationTime=1432829470953, randomId=-2615075753720666376, storeVersion=14406081294923270, upgradeTime=1432829470953, upgradeId=-2615075753720666376}
2015-05-28 16:20:44.392+0000 INFO  [org.neo4j]: Kernel version: Neo4j - Graph Database Kernel (neo4j-kernel), version: 2.1.5
2015-05-28 16:20:44.392+0000 INFO  [org.neo4j]: Neo4j component versions:
2015-05-28 16:20:44.397+0000 INFO  [org.neo4j]:   Neo4j - Cypher Compiler 1.9 (neo4j-cypher-compiler-1.9), version: 2.0.3; revision: 2.0.3:2.0-maint:72/307c563c11b75fdc71cfa6df05daf9b08d6c37dc
2015-05-28 16:20:44.397+0000 INFO  [org.neo4j]:   Neo4j - Cypher Commons (neo4j-cypher-commons), version: 2.1.5; revision: 2.1.5:2.1-maint:529/45c3cc04946c2b0e243e48c8252e40cb85931744
2015-05-28 16:20:44.397+0000 INFO  [org.neo4j]:   neo4j-udc, version: 2.1.5; revision: 2.1.5:2.1-maint:529/45c3cc04946c2b0e243e48c8252e40cb85931744
2015-05-28 16:20:44.397+0000 INFO  [org.neo4j]:   Neo4j Server API (server-api), version: 2.1.5; revision: 2.1.5:2.1-maint:529/45c3cc04946c2b0e243e48c8252e40cb85931744
2015-05-28 16:20:44.397+0000 INFO  [org.neo4j]:   Neo4j - Lucene Index (neo4j-lucene-index), version: 2.1.5; revision: 2.1.5:2.1-maint:529/45c3cc04946c2b0e243e48c8252e40cb85931744
2015-05-28 16:20:44.397+0000 INFO  [org.neo4j]:   Neo4j - Cypher Compiler 2.0 (neo4j-cypher-compiler-2.0), version: 2.0.3; revision: 2.0.3:2.0-maint:72/307c563c11b75fdc71cfa6df05daf9b08d6c37dc
2015-05-28 16:20:44.397+0000 INFO  [org.neo4j]:   Neo4j - Graph Database Kernel (neo4j-kernel), version: 2.1.5; revision: 2.1.5:2.1-maint:529/45c3cc04946c2b0e243e48c8252e40cb85931744
2015-05-28 16:20:44.397+0000 INFO  [org.neo4j]:   Neo4j - Graph Matching (neo4j-graph-matching), version: 2.1.5; revision: 2.1.5:2.1-maint:529/45c3cc04946c2b0e243e48c8252e40cb85931744
2015-05-28 16:20:44.398+0000 INFO  [org.neo4j]:   Neo4j - JMX support (neo4j-jmx), version: 2.1.5; revision: 2.1.5:2.1-maint:529/45c3cc04946c2b0e243e48c8252e40cb85931744
2015-05-28 16:20:44.398+0000 INFO  [org.neo4j]:   Neo4j - Cypher (neo4j-cypher), version: 2.1.5; revision: 2.1.5:2.1-maint:529/45c3cc04946c2b0e243e48c8252e40cb85931744
2015-05-28 16:20:44.398+0000 INFO  [org.neo4j]:   Neo4j - Generic shell (neo4j-shell), version: 2.1.5; revision: 2.1.5:2.1-maint:529/45c3cc04946c2b0e243e48c8252e40cb85931744
2015-05-28 16:20:44.398+0000 INFO  [org.neo4j]:   Neo4j - Graph Algorithms (neo4j-graph-algo), version: 2.1.5; revision: 2.1.5:2.1-maint:529/45c3cc04946c2b0e243e48c8252e40cb85931744
2015-05-28 16:20:44.398+0000 INFO  [org.neo4j]: --- STARTED diagnostics for KernelDiagnostics:Versions END ---
2015-05-28 16:20:44.400+0000 INFO  [org.neo4j]: --- STARTED diagnostics for NEO_STORE_VERSIONS START ---
2015-05-28 16:20:44.401+0000 INFO  [org.neo4j]: Store versions:
    Store versions:
      NeoStore v0.A.3
      SchemaStore v0.A.3
      NodeStore v0.A.3
      RelationshipStore v0.A.3
      RelationshipTypeStore v0.A.3
      LabelTokenStore v0.A.3
      PropertyStore v0.A.3
      PropertyIndexStore v0.A.3
      StringPropertyStore v0.A.3
      ArrayPropertyStore v0.A.3
      RelationshipGroupStore v0.A.3
2015-05-28 16:20:44.401+0000 INFO  [org.neo4j]: --- STARTED diagnostics for NEO_STORE_VERSIONS END ---
2015-05-28 16:20:44.401+0000 INFO  [org.neo4j]: --- STARTED diagnostics for NEO_STORE_ID_USAGE START ---
2015-05-28 16:20:44.401+0000 INFO  [org.neo4j]: Id usage:
    Id usage:
      SchemaStore: used=2 high=1
      NodeStore: used=0 high=-1
      RelationshipStore: used=0 high=-1
      RelationshipTypeStore: used=0 high=-1
      LabelTokenStore: used=0 high=-1
      PropertyStore: used=0 high=-1
      PropertyIndexStore: used=0 high=-1
      StringPropertyStore: used=2 high=1
      ArrayPropertyStore: used=2 high=1
      RelationshipGroupStore: used=1 high=0
2015-05-28 16:20:44.402+0000 INFO  [org.neo4j]: --- STARTED diagnostics for NEO_STORE_ID_USAGE END ---
2015-05-28 16:20:44.402+0000 INFO  [org.neo4j]: --- STARTED diagnostics for PERSISTENCE_WINDOW_POOL_STATS START ---
2015-05-28 16:20:44.402+0000 INFO  [org.neo4j]: --- STARTED diagnostics for PERSISTENCE_WINDOW_POOL_STATS END ---
2015-05-28 16:20:44.402+0000 INFO  [org.neo4j]: --- STARTED diagnostics for KernelDiagnostics:StoreFiles START ---
2015-05-28 16:20:44.403+0000 INFO  [org.neo4j]: Disk space on partition (Total / Free / Free %): 539999993856 / 321271066624 / 59
Storage files: (filename : modification date - size)
      .DS_Store: 2015-05-28T12:11:37-0400 - 10.00 kB
      active_tx_log: 2015-05-28T12:11:11-0400 - 11.00 B
      index:
        lucene-store.db: 2015-05-28T12:11:11-0400 - 40.00 B
        lucene.log.1: 2015-05-28T12:11:12-0400 - 16.00 B
        lucene.log.active: 2015-05-28T12:11:11-0400 - 4.00 B
      - Total: 2015-05-28T12:11:11-0400 - 60.00 B
      lock: 2015-05-28T12:11:11-0400 - 0.00 B
      messages.log: 2015-05-28T12:20:44-0400 - 71.00 kB
      neostore: 2015-05-28T12:20:44-0400 - 81.00 B
      neostore.id: 2015-05-28T12:20:44-0400 - 9.00 B
      neostore.labeltokenstore.db: 2015-05-28T12:11:11-0400 - 0.00 B
      neostore.labeltokenstore.db.id: 2015-05-28T12:20:44-0400 - 9.00 B
      neostore.labeltokenstore.db.names: 2015-05-28T12:11:11-0400 - 38.00 B
      neostore.labeltokenstore.db.names.id: 2015-05-28T12:20:44-0400 - 9.00 B
      neostore.nodestore.db: 2015-05-28T12:11:11-0400 - 0.00 B
      neostore.nodestore.db.id: 2015-05-28T12:20:44-0400 - 9.00 B
      neostore.nodestore.db.labels: 2015-05-28T12:11:11-0400 - 68.00 B
      neostore.nodestore.db.labels.id: 2015-05-28T12:20:44-0400 - 9.00 B
      neostore.propertystore.db: 2015-05-28T12:11:11-0400 - 0.00 B
      neostore.propertystore.db.arrays: 2015-05-28T12:11:11-0400 - 128.00 B
      neostore.propertystore.db.arrays.id: 2015-05-28T12:20:44-0400 - 9.00 B
      neostore.propertystore.db.id: 2015-05-28T12:20:44-0400 - 9.00 B
      neostore.propertystore.db.index: 2015-05-28T12:11:11-0400 - 0.00 B
      neostore.propertystore.db.index.id: 2015-05-28T12:20:44-0400 - 9.00 B
      neostore.propertystore.db.index.keys: 2015-05-28T12:11:11-0400 - 38.00 B
      neostore.propertystore.db.index.keys.id: 2015-05-28T12:20:44-0400 - 9.00 B
      neostore.propertystore.db.strings: 2015-05-28T12:11:11-0400 - 128.00 B
      neostore.propertystore.db.strings.id: 2015-05-28T12:20:44-0400 - 9.00 B
      neostore.relationshipgroupstore.db: 2015-05-28T12:11:11-0400 - 25.00 B
      neostore.relationshipgroupstore.db.id: 2015-05-28T12:20:44-0400 - 9.00 B
      neostore.relationshipstore.db: 2015-05-28T12:11:11-0400 - 0.00 B
      neostore.relationshipstore.db.id: 2015-05-28T12:20:44-0400 - 9.00 B
      neostore.relationshiptypestore.db: 2015-05-28T12:11:11-0400 - 0.00 B
      neostore.relationshiptypestore.db.id: 2015-05-28T12:20:44-0400 - 9.00 B
      neostore.relationshiptypestore.db.names: 2015-05-28T12:11:11-0400 - 38.00 B
      neostore.relationshiptypestore.db.names.id: 2015-05-28T12:20:44-0400 - 9.00 B
      neostore.schemastore.db: 2015-05-28T12:11:11-0400 - 64.00 B
      neostore.schemastore.db.id: 2015-05-28T12:20:44-0400 - 9.00 B
      nioneo_logical.log.1: 2015-05-28T12:11:12-0400 - 16.00 B
      nioneo_logical.log.active: 2015-05-28T12:11:11-0400 - 4.00 B
      schema:
        .DS_Store: 2015-05-28T12:11:42-0400 - 6.00 kB
        label:
          .DS_Store: 2015-05-28T12:11:42-0400 - 6.00 kB
          lucene:
            segments.gen: 2015-05-28T12:19:34-0400 - 20.00 B
            segments_1: 2015-05-28T12:19:34-0400 - 32.00 B
            write.lock: 2015-05-28T12:19:34-0400 - 0.00 B
          - Total: 2015-05-28T12:19:34-0400 - 52.00 B
        - Total: 2015-05-28T12:19:34-0400 - 6.05 kB
      - Total: 2015-05-28T12:11:37-0400 - 12.06 kB
      store_lock: 2015-05-28T12:11:10-0400 - 0.00 B
      tm_tx_log.1: 2015-05-28T12:11:11-0400 - 0.00 B
2015-05-28 16:20:44.410+0000 INFO  [org.neo4j]: --- STARTED diagnostics for KernelDiagnostics:StoreFiles END ---
2015-05-28 16:20:44.447+0000 INFO  [org.neo4j]: Database is now ready
2015-05-28 16:20:44.681+0000 INFO  [org.neo4j]: Shutdown started
2015-05-28 16:20:44.681+0000 INFO  [org.neo4j]: Database is now unavailable
2015-05-28 16:20:44.698+0000 INFO  [org.neo4j]: Closed log graph/sample_db/index/lucene.log
2015-05-28 16:20:44.700+0000 INFO  [org.neo4j]: TM shutting down
2015-05-28 16:20:44.705+0000 INFO  [org.neo4j]: Closed log graph/sample_db/nioneo_logical.log
2015-05-28 16:20:44.706+0000 INFO  [org.neo4j]: graph/sample_db/neostore.relationshiptypestore.db.names hit=0 miss=1 switches=0 ooe=0
2015-05-28 16:20:44.708+0000 INFO  [org.neo4j]: graph/sample_db/neostore.relationshiptypestore.db hit=0 miss=1 switches=0 ooe=0
2015-05-28 16:20:44.709+0000 INFO  [org.neo4j]: graph/sample_db/neostore.labeltokenstore.db.names hit=0 miss=0 switches=0 ooe=0
2015-05-28 16:20:44.738+0000 INFO  [org.neo4j]: graph/sample_db/neostore.labeltokenstore.db hit=0 miss=0 switches=0 ooe=0
2015-05-28 16:20:44.740+0000 INFO  [org.neo4j]: graph/sample_db/neostore.propertystore.db.strings hit=0 miss=0 switches=0 ooe=0
2015-05-28 16:20:44.742+0000 INFO  [org.neo4j]: graph/sample_db/neostore.propertystore.db.index.keys hit=0 miss=1 switches=0 ooe=0
2015-05-28 16:20:44.743+0000 INFO  [org.neo4j]: graph/sample_db/neostore.propertystore.db.index hit=0 miss=1 switches=0 ooe=0
2015-05-28 16:20:44.744+0000 INFO  [org.neo4j]: graph/sample_db/neostore.propertystore.db.arrays hit=0 miss=0 switches=0 ooe=0
2015-05-28 16:20:44.749+0000 INFO  [org.neo4j]: graph/sample_db/neostore.propertystore.db hit=3 miss=0 switches=0 ooe=0
2015-05-28 16:20:44.750+0000 INFO  [org.neo4j]: graph/sample_db/neostore.relationshipstore.db hit=1 miss=0 switches=0 ooe=0
2015-05-28 16:20:44.751+0000 INFO  [org.neo4j]: graph/sample_db/neostore.nodestore.db.labels hit=0 miss=0 switches=0 ooe=0
2015-05-28 16:20:44.752+0000 INFO  [org.neo4j]: graph/sample_db/neostore.nodestore.db hit=2 miss=0 switches=0 ooe=0
2015-05-28 16:20:44.753+0000 INFO  [org.neo4j]: graph/sample_db/neostore.schemastore.db hit=0 miss=2 switches=0 ooe=0
2015-05-28 16:20:44.754+0000 INFO  [org.neo4j]: graph/sample_db/neostore.relationshipgroupstore.db hit=0 miss=0 switches=0 ooe=0
2015-05-28 16:20:44.755+0000 INFO  [org.neo4j]: graph/sample_db/neostore hit=0 miss=24 switches=0 ooe=0
2015-05-28 16:20:44.757+0000 INFO  [org.neo4j]: NeoStore closed
2015-05-28 16:20:44.757+0000 INFO  [org.neo4j]: --- STOPPING diagnostics START ---
2015-05-28 16:20:44.757+0000 INFO  [org.neo4j]: --- STOPPING diagnostics END ---
